2026-03-18 15:49:00,868 INFO     moonshot  Database initialized at /home/rob/.openclaw/workspace/blofin-moonshot-v2/data/moonshot_v2.db
2026-03-18 15:49:00,868 INFO     moonshot  backfill_history: 467 coins, target=4y back (~2022-03-18)
2026-03-18 15:49:01,877 INFO     moonshot  backfill_candles: 0G-USDT — 1 rows inserted
2026-03-18 15:49:02,818 INFO     moonshot  backfill_candles: 1000000BABYDOGE-USDT — 1 rows inserted
2026-03-18 15:49:03,798 INFO     moonshot  backfill_candles: 1000000MOG-USDT — 1 rows inserted
2026-03-18 15:49:04,879 INFO     moonshot  backfill_candles: 10000SATS-USDT — 1 rows inserted
2026-03-18 15:49:05,820 INFO     moonshot  backfill_candles: 1000BONK-USDT — 1 rows inserted
2026-03-18 15:49:06,744 INFO     moonshot  backfill_candles: 1000FLOKI-USDT — 1 rows inserted
2026-03-18 15:49:07,974 INFO     moonshot  backfill_candles: 1000RATS-USDT — 1 rows inserted
2026-03-18 15:49:08,884 INFO     moonshot  backfill_candles: 1INCH-USDT — 1 rows inserted
2026-03-18 15:49:09,777 INFO     moonshot  backfill_candles: A-USDT — 1 rows inserted
2026-03-18 15:49:10,679 INFO     moonshot  backfill_candles: AAVE-USDT — 1 rows inserted
2026-03-18 15:49:10,680 INFO     moonshot  backfill_history: 10/467 coins (2%) — +10 rows this run
2026-03-18 15:49:11,634 INFO     moonshot  backfill_candles: ACE-USDT — 1 rows inserted
2026-03-18 15:49:12,545 INFO     moonshot  backfill_candles: ACH-USDT — 1 rows inserted
2026-03-18 15:49:13,444 INFO     moonshot  backfill_candles: ACT-USDT — 1 rows inserted
2026-03-18 15:49:14,408 INFO     moonshot  backfill_candles: ACU-USDT — 1 rows inserted
2026-03-18 15:49:15,319 INFO     moonshot  backfill_candles: ACX-USDT — 1 rows inserted
2026-03-18 15:49:16,258 INFO     moonshot  backfill_candles: ADA-USDT — 1 rows inserted
2026-03-18 15:49:17,167 INFO     moonshot  backfill_candles: AERGO-USDT — 1 rows inserted
2026-03-18 15:49:18,070 INFO     moonshot  backfill_candles: AERO-USDT — 1 rows inserted
2026-03-18 15:49:18,968 INFO     moonshot  backfill_candles: AEVO-USDT — 1 rows inserted
2026-03-18 15:49:19,877 INFO     moonshot  backfill_candles: AGLD-USDT — 1 rows inserted
2026-03-18 15:49:19,878 INFO     moonshot  backfill_history: 20/467 coins (4%) — +20 rows this run
2026-03-18 15:49:20,798 INFO     moonshot  backfill_candles: AIA-USDT — 1 rows inserted
2026-03-18 15:49:21,784 INFO     moonshot  backfill_candles: AIO-USDT — 1 rows inserted
2026-03-18 15:49:22,716 INFO     moonshot  backfill_candles: AIXBT-USDT — 1 rows inserted
2026-03-18 15:49:23,662 INFO     moonshot  backfill_candles: AKT-USDT — 1 rows inserted
2026-03-18 15:49:24,588 INFO     moonshot  backfill_candles: ALCH-USDT — 1 rows inserted
2026-03-18 15:49:25,477 INFO     moonshot  backfill_candles: ALGO-USDT — 1 rows inserted
2026-03-18 15:49:26,368 INFO     moonshot  backfill_candles: ALICE-USDT — 1 rows inserted
2026-03-18 15:49:27,362 INFO     moonshot  backfill_candles: ALPINE-USDT — 1 rows inserted
2026-03-18 15:49:28,275 INFO     moonshot  backfill_candles: ALT-USDT — 1 rows inserted
2026-03-18 15:49:29,172 INFO     moonshot  backfill_candles: AMZN-USDT — 1 rows inserted
2026-03-18 15:49:29,173 INFO     moonshot  backfill_history: 30/467 coins (6%) — +30 rows this run
2026-03-18 15:49:30,110 INFO     moonshot  backfill_candles: ANIME-USDT — 1 rows inserted
2026-03-18 15:49:31,072 INFO     moonshot  backfill_candles: ANKR-USDT — 1 rows inserted
2026-03-18 15:49:31,999 INFO     moonshot  backfill_candles: APE-USDT — 1 rows inserted
2026-03-18 15:49:32,922 INFO     moonshot  backfill_candles: APEX-USDT — 1 rows inserted
2026-03-18 15:49:33,860 INFO     moonshot  backfill_candles: API3-USDT — 1 rows inserted
2026-03-18 15:49:34,774 INFO     moonshot  backfill_candles: APR-USDT — 1 rows inserted
2026-03-18 15:49:35,706 INFO     moonshot  backfill_candles: APT-USDT — 1 rows inserted
2026-03-18 15:49:36,672 INFO     moonshot  backfill_candles: AR-USDT — 1 rows inserted
2026-03-18 15:49:37,579 INFO     moonshot  backfill_candles: ARB-USDT — 1 rows inserted
2026-03-18 15:49:38,451 INFO     moonshot  backfill_candles: ARC-USDT — 1 rows inserted
2026-03-18 15:49:38,452 INFO     moonshot  backfill_history: 40/467 coins (9%) — +40 rows this run
2026-03-18 15:49:39,335 INFO     moonshot  backfill_candles: ARKM-USDT — 1 rows inserted
2026-03-18 15:49:40,242 INFO     moonshot  backfill_candles: ARPA-USDT — 1 rows inserted
2026-03-18 15:49:41,178 INFO     moonshot  backfill_candles: ASR-USDT — 1 rows inserted
2026-03-18 15:49:42,138 INFO     moonshot  backfill_candles: ASTER-USDT — 1 rows inserted
2026-03-18 15:49:43,075 INFO     moonshot  backfill_candles: ASTR-USDT — 1 rows inserted
2026-03-18 15:49:43,981 INFO     moonshot  backfill_candles: AT-USDT — 1 rows inserted
2026-03-18 15:49:44,892 INFO     moonshot  backfill_candles: ATH-USDT — 1 rows inserted
2026-03-18 15:49:45,774 INFO     moonshot  backfill_candles: ATOM-USDT — 1 rows inserted
2026-03-18 15:49:46,671 INFO     moonshot  backfill_candles: AUCTION-USDT — 1 rows inserted
2026-03-18 15:49:47,539 INFO     moonshot  backfill_candles: AVA-USDT — 1 rows inserted
2026-03-18 15:49:47,539 INFO     moonshot  backfill_history: 50/467 coins (11%) — +50 rows this run
2026-03-18 15:49:48,444 INFO     moonshot  backfill_candles: AVAAI-USDT — 1 rows inserted
2026-03-18 15:49:49,382 INFO     moonshot  backfill_candles: AVAX-USDT — 1 rows inserted
2026-03-18 15:49:50,272 INFO     moonshot  backfill_candles: AVNT-USDT — 1 rows inserted
2026-03-18 15:49:51,174 INFO     moonshot  backfill_candles: AWE-USDT — 1 rows inserted
2026-03-18 15:49:52,101 INFO     moonshot  backfill_candles: AXL-USDT — 1 rows inserted
2026-03-18 15:49:53,024 INFO     moonshot  backfill_candles: AXS-USDT — 1 rows inserted
2026-03-18 15:49:53,932 INFO     moonshot  backfill_candles: AZTEC-USDT — 1 rows inserted
2026-03-18 15:49:54,821 INFO     moonshot  backfill_candles: B-USDT — 1 rows inserted
2026-03-18 15:49:55,708 INFO     moonshot  backfill_candles: BABY-USDT — 1 rows inserted
2026-03-18 15:49:56,688 INFO     moonshot  backfill_candles: BAN-USDT — 1 rows inserted
2026-03-18 15:49:56,688 INFO     moonshot  backfill_history: 60/467 coins (13%) — +60 rows this run
2026-03-18 15:49:57,592 INFO     moonshot  backfill_candles: BANANA-USDT — 1 rows inserted
2026-03-18 15:49:58,501 INFO     moonshot  backfill_candles: BANANAS31-USDT — 1 rows inserted
2026-03-18 15:49:59,611 INFO     moonshot  backfill_candles: BAND-USDT — 1 rows inserted
2026-03-18 15:50:00,529 INFO     moonshot  backfill_candles: BANK-USDT — 1 rows inserted
2026-03-18 15:50:01,455 INFO     moonshot  backfill_candles: BARD-USDT — 1 rows inserted
2026-03-18 15:50:02,373 INFO     moonshot  backfill_candles: BAS-USDT — 1 rows inserted
2026-03-18 15:50:03,295 INFO     moonshot  backfill_candles: BAT-USDT — 1 rows inserted
2026-03-18 15:50:04,226 INFO     moonshot  backfill_candles: BB-USDT — 1 rows inserted
2026-03-18 15:50:05,197 INFO     moonshot  backfill_candles: BCH-USDT — 1 rows inserted
2026-03-18 15:50:06,123 INFO     moonshot  backfill_candles: BEAM-USDT — 1 rows inserted
2026-03-18 15:50:06,123 INFO     moonshot  backfill_history: 70/467 coins (15%) — +70 rows this run
2026-03-18 15:50:07,048 INFO     moonshot  backfill_candles: BEAT-USDT — 1 rows inserted
2026-03-18 15:50:08,009 INFO     moonshot  backfill_candles: BERA-USDT — 1 rows inserted
2026-03-18 15:50:09,015 INFO     moonshot  backfill_candles: BIGTIME-USDT — 1 rows inserted
2026-03-18 15:50:09,926 INFO     moonshot  backfill_candles: BIO-USDT — 1 rows inserted
2026-03-18 15:50:10,905 INFO     moonshot  backfill_candles: BIRB-USDT — 1 rows inserted
2026-03-18 15:50:11,822 INFO     moonshot  backfill_candles: BLAST-USDT — 1 rows inserted
2026-03-18 15:50:12,729 INFO     moonshot  backfill_candles: BLESS-USDT — 1 rows inserted
2026-03-18 15:50:13,644 INFO     moonshot  backfill_candles: BLUAI-USDT — 1 rows inserted
2026-03-18 15:50:14,543 INFO     moonshot  backfill_candles: BLUR-USDT — 1 rows inserted
2026-03-18 15:50:15,445 INFO     moonshot  backfill_candles: BNB-USDT — 1 rows inserted
2026-03-18 15:50:15,446 INFO     moonshot  backfill_history: 80/467 coins (17%) — +80 rows this run
2026-03-18 15:50:16,351 INFO     moonshot  backfill_candles: BOB-USDT — 1 rows inserted
2026-03-18 15:50:17,222 INFO     moonshot  backfill_candles: BOME-USDT — 1 rows inserted
2026-03-18 15:50:18,095 INFO     moonshot  backfill_candles: BRETT-USDT — 1 rows inserted
2026-03-18 15:50:19,041 INFO     moonshot  backfill_candles: BREV-USDT — 1 rows inserted
2026-03-18 15:50:19,959 INFO     moonshot  backfill_candles: BSV-USDT — 1 rows inserted
2026-03-18 15:50:20,862 INFO     moonshot  backfill_candles: BTC-USDT — 1 rows inserted
2026-03-18 15:50:21,788 INFO     moonshot  backfill_candles: BTCDOM-USDT — 1 rows inserted
2026-03-18 15:50:22,699 INFO     moonshot  backfill_candles: C-USDT — 1 rows inserted
2026-03-18 15:50:23,570 INFO     moonshot  backfill_candles: C98-USDT — 1 rows inserted
2026-03-18 15:50:24,507 INFO     moonshot  backfill_candles: CAKE-USDT — 1 rows inserted
2026-03-18 15:50:24,508 INFO     moonshot  backfill_history: 90/467 coins (19%) — +90 rows this run
2026-03-18 15:50:25,396 INFO     moonshot  backfill_candles: CARV-USDT — 1 rows inserted
2026-03-18 15:50:26,351 INFO     moonshot  backfill_candles: CATI-USDT — 1 rows inserted
2026-03-18 15:50:27,296 INFO     moonshot  backfill_candles: CC-USDT — 1 rows inserted
2026-03-18 15:50:28,255 INFO     moonshot  backfill_candles: CELO-USDT — 1 rows inserted
2026-03-18 15:50:29,194 INFO     moonshot  backfill_candles: CELR-USDT — 1 rows inserted
2026-03-18 15:50:30,153 INFO     moonshot  backfill_candles: CETUS-USDT — 1 rows inserted
2026-03-18 15:50:30,431 INFO     moonshot  backfill_candles: CFG-USDT — 1 rows inserted
2026-03-18 15:50:31,342 INFO     moonshot  backfill_candles: CGPT-USDT — 1 rows inserted
2026-03-18 15:50:32,369 INFO     moonshot  backfill_candles: CHILLGUY-USDT — 1 rows inserted
2026-03-18 15:50:33,283 INFO     moonshot  backfill_candles: CHR-USDT — 1 rows inserted
2026-03-18 15:50:33,284 INFO     moonshot  backfill_history: 100/467 coins (21%) — +100 rows this run
2026-03-18 15:50:34,190 INFO     moonshot  backfill_candles: CHZ-USDT — 1 rows inserted
2026-03-18 15:50:35,115 INFO     moonshot  backfill_candles: CKB-USDT — 1 rows inserted
2026-03-18 15:50:35,350 INFO     moonshot  backfill_candles: CL-USDT — 1 rows inserted
2026-03-18 15:50:36,282 INFO     moonshot  backfill_candles: CLANKER-USDT — 1 rows inserted
2026-03-18 15:50:37,160 INFO     moonshot  backfill_candles: CLO-USDT — 1 rows inserted
2026-03-18 15:50:38,090 INFO     moonshot  backfill_candles: COIN-USDT — 1 rows inserted
2026-03-18 15:50:38,985 INFO     moonshot  backfill_candles: COLLECT-USDT — 1 rows inserted
2026-03-18 15:50:39,878 INFO     moonshot  backfill_candles: COMP-USDT — 1 rows inserted
2026-03-18 15:50:40,769 INFO     moonshot  backfill_candles: COOKIE-USDT — 1 rows inserted
2026-03-18 15:50:41,029 INFO     moonshot  backfill_candles: COPPER-USDT — 1 rows inserted
2026-03-18 15:50:41,029 INFO     moonshot  backfill_history: 110/467 coins (24%) — +110 rows this run
2026-03-18 15:50:42,090 INFO     moonshot  backfill_candles: COTI-USDT — 1 rows inserted
2026-03-18 15:50:42,982 INFO     moonshot  backfill_candles: COW-USDT — 1 rows inserted
2026-03-18 15:50:43,932 INFO     moonshot  backfill_candles: CRCL-USDT — 1 rows inserted
2026-03-18 15:50:45,846 INFO     moonshot  backfill_candles: CRO-USDT — 1 rows inserted
2026-03-18 15:50:46,799 INFO     moonshot  backfill_candles: CRV-USDT — 1 rows inserted
2026-03-18 15:50:47,727 INFO     moonshot  backfill_candles: CTK-USDT — 1 rows inserted
2026-03-18 15:50:48,671 INFO     moonshot  backfill_candles: CVX-USDT — 1 rows inserted
2026-03-18 15:50:49,599 INFO     moonshot  backfill_candles: CYBER-USDT — 1 rows inserted
2026-03-18 15:50:50,474 INFO     moonshot  backfill_candles: CYS-USDT — 1 rows inserted
2026-03-18 15:50:51,403 INFO     moonshot  backfill_candles: DAM-USDT — 1 rows inserted
2026-03-18 15:50:51,404 INFO     moonshot  backfill_history: 120/467 coins (26%) — +120 rows this run
2026-03-18 15:50:52,380 INFO     moonshot  backfill_candles: DASH-USDT — 1 rows inserted
2026-03-18 15:50:53,348 INFO     moonshot  backfill_candles: DEEP-USDT — 1 rows inserted
2026-03-18 15:50:54,330 INFO     moonshot  backfill_candles: DEGEN-USDT — 1 rows inserted
2026-03-18 15:50:55,236 INFO     moonshot  backfill_candles: DENT-USDT — 1 rows inserted
2026-03-18 15:50:56,256 INFO     moonshot  backfill_candles: DEXE-USDT — 1 rows inserted
2026-03-18 15:50:57,163 INFO     moonshot  backfill_candles: DIA-USDT — 1 rows inserted
2026-03-18 15:50:58,120 INFO     moonshot  backfill_candles: DOGE-USDT — 1 rows inserted
2026-03-18 15:50:59,031 INFO     moonshot  backfill_candles: DOOD-USDT — 1 rows inserted
2026-03-18 15:50:59,963 INFO     moonshot  backfill_candles: DOT-USDT — 1 rows inserted
2026-03-18 15:51:00,824 INFO     moonshot  backfill_candles: DRIFT-USDT — 1 rows inserted
2026-03-18 15:51:00,825 INFO     moonshot  backfill_history: 130/467 coins (28%) — +130 rows this run
2026-03-18 15:51:01,768 INFO     moonshot  backfill_candles: DUSK-USDT — 1 rows inserted
2026-03-18 15:51:02,750 INFO     moonshot  backfill_candles: DYDX-USDT — 1 rows inserted
2026-03-18 15:51:03,666 INFO     moonshot  backfill_candles: DYM-USDT — 1 rows inserted
2026-03-18 15:51:04,625 INFO     moonshot  backfill_candles: EDEN-USDT — 1 rows inserted
2026-03-18 15:51:05,634 INFO     moonshot  backfill_candles: EDU-USDT — 1 rows inserted
2026-03-18 15:51:06,573 INFO     moonshot  backfill_candles: EGLD-USDT — 1 rows inserted
2026-03-18 15:51:07,651 INFO     moonshot  backfill_candles: EIGEN-USDT — 1 rows inserted
2026-03-18 15:51:08,635 INFO     moonshot  backfill_candles: ELSA-USDT — 1 rows inserted
2026-03-18 15:51:09,671 INFO     moonshot  backfill_candles: ENA-USDT — 1 rows inserted
2026-03-18 15:51:10,915 INFO     moonshot  backfill_candles: ENJ-USDT — 1 rows inserted
2026-03-18 15:51:10,916 INFO     moonshot  backfill_history: 140/467 coins (30%) — +140 rows this run
2026-03-18 15:51:12,015 INFO     moonshot  backfill_candles: ENS-USDT — 1 rows inserted
2026-03-18 15:51:13,105 INFO     moonshot  backfill_candles: ENSO-USDT — 1 rows inserted
2026-03-18 15:51:14,053 INFO     moonshot  backfill_candles: EPIC-USDT — 1 rows inserted
2026-03-18 15:51:15,384 INFO     moonshot  backfill_candles: ERA-USDT — 1 rows inserted
2026-03-18 15:51:16,610 INFO     moonshot  backfill_candles: ESP-USDT — 1 rows inserted
2026-03-18 15:51:17,674 INFO     moonshot  backfill_candles: ETC-USDT — 1 rows inserted
2026-03-18 15:51:18,746 INFO     moonshot  backfill_candles: ETH-USDT — 1 rows inserted
2026-03-18 15:51:19,698 INFO     moonshot  backfill_candles: ETHBTC-USDT — 1 rows inserted
2026-03-18 15:51:20,751 INFO     moonshot  backfill_candles: ETHFI-USDT — 1 rows inserted
2026-03-18 15:51:21,751 INFO     moonshot  backfill_candles: ETHW-USDT — 1 rows inserted
2026-03-18 15:51:21,752 INFO     moonshot  backfill_history: 150/467 coins (32%) — +150 rows this run
2026-03-18 15:51:22,663 INFO     moonshot  backfill_candles: EUL-USDT — 1 rows inserted
2026-03-18 15:51:23,667 INFO     moonshot  backfill_candles: EVAA-USDT — 1 rows inserted
2026-03-18 15:51:23,944 INFO     moonshot  backfill_candles: EWJ-USDT — 1 rows inserted
2026-03-18 15:51:24,970 INFO     moonshot  backfill_candles: FARTCOIN-USDT — 1 rows inserted
2026-03-18 15:51:25,994 INFO     moonshot  backfill_candles: FET-USDT — 1 rows inserted
2026-03-18 15:51:27,160 INFO     moonshot  backfill_candles: FF-USDT — 1 rows inserted
2026-03-18 15:51:28,235 INFO     moonshot  backfill_candles: FIDA-USDT — 1 rows inserted
2026-03-18 15:51:29,184 INFO     moonshot  backfill_candles: FIGHT-USDT — 1 rows inserted
2026-03-18 15:51:30,145 INFO     moonshot  backfill_candles: FIL-USDT — 1 rows inserted
2026-03-18 15:51:31,145 INFO     moonshot  backfill_candles: FLOCK-USDT — 1 rows inserted
2026-03-18 15:51:31,146 INFO     moonshot  backfill_history: 160/467 coins (34%) — +160 rows this run
2026-03-18 15:51:32,080 INFO     moonshot  backfill_candles: FLOW-USDT — 1 rows inserted
2026-03-18 15:51:32,984 INFO     moonshot  backfill_candles: FLUID-USDT — 1 rows inserted
2026-03-18 15:51:33,895 INFO     moonshot  backfill_candles: FLUX-USDT — 1 rows inserted
2026-03-18 15:51:34,809 INFO     moonshot  backfill_candles: FOGO-USDT — 1 rows inserted
2026-03-18 15:51:35,794 INFO     moonshot  backfill_candles: FOLKS-USDT — 1 rows inserted
2026-03-18 15:51:36,723 INFO     moonshot  backfill_candles: FORM-USDT — 1 rows inserted
2026-03-18 15:51:37,721 INFO     moonshot  backfill_candles: FORTH-USDT — 1 rows inserted
2026-03-18 15:51:38,872 INFO     moonshot  backfill_candles: FRAX-USDT — 1 rows inserted
2026-03-18 15:51:39,794 INFO     moonshot  backfill_candles: FUN-USDT — 1 rows inserted
2026-03-18 15:51:40,748 INFO     moonshot  backfill_candles: G-USDT — 1 rows inserted
2026-03-18 15:51:40,749 INFO     moonshot  backfill_history: 170/467 coins (36%) — +170 rows this run
2026-03-18 15:51:41,696 INFO     moonshot  backfill_candles: GALA-USDT — 1 rows inserted
2026-03-18 15:51:42,896 INFO     moonshot  backfill_candles: GAS-USDT — 1 rows inserted
2026-03-18 15:51:43,878 INFO     moonshot  backfill_candles: GIGGLE-USDT — 1 rows inserted
2026-03-18 15:51:44,931 INFO     moonshot  backfill_candles: GLM-USDT — 1 rows inserted
2026-03-18 15:51:46,027 INFO     moonshot  backfill_candles: GMT-USDT — 1 rows inserted
2026-03-18 15:51:47,194 INFO     moonshot  backfill_candles: GMX-USDT — 1 rows inserted
2026-03-18 15:51:48,342 INFO     moonshot  backfill_candles: GOAT-USDT — 1 rows inserted
2026-03-18 15:51:49,759 INFO     moonshot  backfill_candles: GPS-USDT — 1 rows inserted
2026-03-18 15:51:50,930 INFO     moonshot  backfill_candles: GRASS-USDT — 1 rows inserted
2026-03-18 15:51:52,031 INFO     moonshot  backfill_candles: GRIFFAIN-USDT — 1 rows inserted
2026-03-18 15:51:52,032 INFO     moonshot  backfill_history: 180/467 coins (39%) — +180 rows this run
2026-03-18 15:51:53,179 INFO     moonshot  backfill_candles: GRT-USDT — 1 rows inserted
2026-03-18 15:51:54,268 INFO     moonshot  backfill_candles: GUN-USDT — 1 rows inserted
2026-03-18 15:51:55,314 INFO     moonshot  backfill_candles: GWEI-USDT — 1 rows inserted
2026-03-18 15:51:56,491 INFO     moonshot  backfill_candles: H-USDT — 1 rows inserted
2026-03-18 15:51:57,589 INFO     moonshot  backfill_candles: HANA-USDT — 1 rows inserted
2026-03-18 15:51:58,731 INFO     moonshot  backfill_candles: HBAR-USDT — 1 rows inserted
2026-03-18 15:51:59,798 INFO     moonshot  backfill_candles: HEMI-USDT — 1 rows inserted
2026-03-18 15:52:00,942 INFO     moonshot  backfill_candles: HFT-USDT — 1 rows inserted
2026-03-18 15:52:02,249 INFO     moonshot  backfill_candles: HIGH-USDT — 1 rows inserted
2026-03-18 15:52:03,419 INFO     moonshot  backfill_candles: HIPPO-USDT — 1 rows inserted
2026-03-18 15:52:03,420 INFO     moonshot  backfill_history: 190/467 coins (41%) — +190 rows this run
2026-03-18 15:52:04,578 INFO     moonshot  backfill_candles: HMSTR-USDT — 1 rows inserted
2026-03-18 15:52:05,672 INFO     moonshot  backfill_candles: HNT-USDT — 1 rows inserted
2026-03-18 15:52:06,665 INFO     moonshot  backfill_candles: HOLO-USDT — 1 rows inserted
2026-03-18 15:52:07,604 INFO     moonshot  backfill_candles: HOME-USDT — 1 rows inserted
2026-03-18 15:52:08,548 INFO     moonshot  backfill_candles: HOOD-USDT — 1 rows inserted
2026-03-18 15:52:09,531 INFO     moonshot  backfill_candles: HOT-USDT — 1 rows inserted
2026-03-18 15:52:10,770 INFO     moonshot  backfill_candles: HUMA-USDT — 1 rows inserted
2026-03-18 15:52:11,738 INFO     moonshot  backfill_candles: HYPE-USDT — 1 rows inserted
2026-03-18 15:52:12,667 INFO     moonshot  backfill_candles: HYPER-USDT — 1 rows inserted
2026-03-18 15:52:13,584 INFO     moonshot  backfill_candles: ICNT-USDT — 1 rows inserted
2026-03-18 15:52:13,585 INFO     moonshot  backfill_history: 200/467 coins (43%) — +200 rows this run
2026-03-18 15:52:14,514 INFO     moonshot  backfill_candles: ICP-USDT — 1 rows inserted
2026-03-18 15:52:15,445 INFO     moonshot  backfill_candles: ICX-USDT — 1 rows inserted
2026-03-18 15:52:16,457 INFO     moonshot  backfill_candles: ID-USDT — 1 rows inserted
2026-03-18 15:52:17,403 INFO     moonshot  backfill_candles: ILV-USDT — 1 rows inserted
2026-03-18 15:52:18,448 INFO     moonshot  backfill_candles: IMX-USDT — 1 rows inserted
2026-03-18 15:52:19,410 INFO     moonshot  backfill_candles: IN-USDT — 1 rows inserted
2026-03-18 15:52:20,308 INFO     moonshot  backfill_candles: INIT-USDT — 1 rows inserted
2026-03-18 15:52:21,325 INFO     moonshot  backfill_candles: INJ-USDT — 1 rows inserted
2026-03-18 15:52:22,260 INFO     moonshot  backfill_candles: INTC-USDT — 1 rows inserted
2026-03-18 15:52:23,201 INFO     moonshot  backfill_candles: INX-USDT — 1 rows inserted
2026-03-18 15:52:23,202 INFO     moonshot  backfill_history: 210/467 coins (45%) — +210 rows this run
2026-03-18 15:52:24,171 INFO     moonshot  backfill_candles: IO-USDT — 1 rows inserted
2026-03-18 15:52:25,158 INFO     moonshot  backfill_candles: IOST-USDT — 1 rows inserted
2026-03-18 15:52:26,129 INFO     moonshot  backfill_candles: IOTA-USDT — 1 rows inserted
2026-03-18 15:52:27,059 INFO     moonshot  backfill_candles: IOTX-USDT — 1 rows inserted
2026-03-18 15:52:27,997 INFO     moonshot  backfill_candles: IP-USDT — 1 rows inserted
2026-03-18 15:52:29,037 INFO     moonshot  backfill_candles: IR-USDT — 1 rows inserted
2026-03-18 15:52:29,909 INFO     moonshot  backfill_candles: IRYS-USDT — 1 rows inserted
2026-03-18 15:52:30,825 INFO     moonshot  backfill_candles: JASMY-USDT — 1 rows inserted
2026-03-18 15:52:31,739 INFO     moonshot  backfill_candles: JCT-USDT — 1 rows inserted
2026-03-18 15:52:32,640 INFO     moonshot  backfill_candles: JELLYJELLY-USDT — 1 rows inserted
2026-03-18 15:52:32,641 INFO     moonshot  backfill_history: 220/467 coins (47%) — +220 rows this run
2026-03-18 15:52:33,572 INFO     moonshot  backfill_candles: JTO-USDT — 1 rows inserted
2026-03-18 15:52:34,500 INFO     moonshot  backfill_candles: JUP-USDT — 1 rows inserted
2026-03-18 15:52:35,430 INFO     moonshot  backfill_candles: KAIA-USDT — 1 rows inserted
2026-03-18 15:52:36,349 INFO     moonshot  backfill_candles: KAITO-USDT — 1 rows inserted
2026-03-18 15:52:37,258 INFO     moonshot  backfill_candles: KAS-USDT — 1 rows inserted
2026-03-18 15:52:37,534 INFO     moonshot  backfill_candles: KAT-USDT — 1 rows inserted
2026-03-18 15:52:38,468 INFO     moonshot  backfill_candles: KERNEL-USDT — 1 rows inserted
2026-03-18 15:52:39,348 INFO     moonshot  backfill_candles: KGEN-USDT — 1 rows inserted
2026-03-18 15:52:40,342 INFO     moonshot  backfill_candles: KITE-USDT — 1 rows inserted
2026-03-18 15:52:41,267 INFO     moonshot  backfill_candles: KMNO-USDT — 1 rows inserted
2026-03-18 15:52:41,268 INFO     moonshot  backfill_history: 230/467 coins (49%) — +230 rows this run
2026-03-18 15:52:42,232 INFO     moonshot  backfill_candles: KSM-USDT — 1 rows inserted
2026-03-18 15:52:43,116 INFO     moonshot  backfill_candles: LA-USDT — 1 rows inserted
2026-03-18 15:52:44,055 INFO     moonshot  backfill_candles: LAYER-USDT — 1 rows inserted
2026-03-18 15:52:44,949 INFO     moonshot  backfill_candles: LDO-USDT — 1 rows inserted
2026-03-18 15:52:45,983 INFO     moonshot  backfill_candles: LIGHT-USDT — 1 rows inserted
2026-03-18 15:52:46,890 INFO     moonshot  backfill_candles: LINEA-USDT — 1 rows inserted
2026-03-18 15:52:47,770 INFO     moonshot  backfill_candles: LINK-USDT — 1 rows inserted
2026-03-18 15:52:48,673 INFO     moonshot  backfill_candles: LISTA-USDT — 1 rows inserted
2026-03-18 15:52:49,587 INFO     moonshot  backfill_candles: LIT-USDT — 1 rows inserted
2026-03-18 15:52:50,523 INFO     moonshot  backfill_candles: LPT-USDT — 1 rows inserted
2026-03-18 15:52:50,523 INFO     moonshot  backfill_history: 240/467 coins (51%) — +240 rows this run
2026-03-18 15:52:51,449 INFO     moonshot  backfill_candles: LQTY-USDT — 1 rows inserted
2026-03-18 15:52:52,356 INFO     moonshot  backfill_candles: LRC-USDT — 1 rows inserted
2026-03-18 15:52:53,242 INFO     moonshot  backfill_candles: LTC-USDT — 1 rows inserted
2026-03-18 15:52:54,124 INFO     moonshot  backfill_candles: LUMIA-USDT — 1 rows inserted
2026-03-18 15:52:55,060 INFO     moonshot  backfill_candles: LUNA2-USDT — 1 rows inserted
2026-03-18 15:52:55,964 INFO     moonshot  backfill_candles: LYN-USDT — 1 rows inserted
2026-03-18 15:52:56,863 INFO     moonshot  backfill_candles: M-USDT — 1 rows inserted
2026-03-18 15:52:57,788 INFO     moonshot  backfill_candles: MAGIC-USDT — 1 rows inserted
2026-03-18 15:52:58,668 INFO     moonshot  backfill_candles: MANA-USDT — 1 rows inserted
2026-03-18 15:52:59,572 INFO     moonshot  backfill_candles: MANTA-USDT — 1 rows inserted
2026-03-18 15:52:59,573 INFO     moonshot  backfill_history: 250/467 coins (54%) — +250 rows this run
2026-03-18 15:52:59,829 INFO     moonshot  backfill_candles: MANTRA-USDT — 1 rows inserted
2026-03-18 15:53:00,754 INFO     moonshot  backfill_candles: MASK-USDT — 1 rows inserted
2026-03-18 15:53:01,720 INFO     moonshot  backfill_candles: MAV-USDT — 1 rows inserted
2026-03-18 15:53:02,657 INFO     moonshot  backfill_candles: MAVIA-USDT — 1 rows inserted
2026-03-18 15:53:03,559 INFO     moonshot  backfill_candles: ME-USDT — 1 rows inserted
2026-03-18 15:53:04,466 INFO     moonshot  backfill_candles: MEGA-USDT — 1 rows inserted
2026-03-18 15:53:05,502 INFO     moonshot  backfill_candles: MELANIA-USDT — 1 rows inserted
2026-03-18 15:53:06,437 INFO     moonshot  backfill_candles: MEME-USDT — 1 rows inserted
2026-03-18 15:53:07,334 INFO     moonshot  backfill_candles: MERL-USDT — 1 rows inserted
2026-03-18 15:53:08,306 INFO     moonshot  backfill_candles: MET-USDT — 1 rows inserted
2026-03-18 15:53:08,307 INFO     moonshot  backfill_history: 260/467 coins (56%) — +260 rows this run
2026-03-18 15:53:09,219 INFO     moonshot  backfill_candles: METIS-USDT — 1 rows inserted
2026-03-18 15:53:10,207 INFO     moonshot  backfill_candles: MEW-USDT — 1 rows inserted
2026-03-18 15:53:11,112 INFO     moonshot  backfill_candles: MINA-USDT — 1 rows inserted
2026-03-18 15:53:12,153 INFO     moonshot  backfill_candles: MIRA-USDT — 1 rows inserted
2026-03-18 15:53:13,085 INFO     moonshot  backfill_candles: MITO-USDT — 1 rows inserted
2026-03-18 15:53:14,003 INFO     moonshot  backfill_candles: MLN-USDT — 1 rows inserted
2026-03-18 15:53:14,925 INFO     moonshot  backfill_candles: MMT-USDT — 1 rows inserted
2026-03-18 15:53:15,833 INFO     moonshot  backfill_candles: MNT-USDT — 1 rows inserted
2026-03-18 15:53:16,767 INFO     moonshot  backfill_candles: MOCA-USDT — 1 rows inserted
2026-03-18 15:53:17,674 INFO     moonshot  backfill_candles: MON-USDT — 1 rows inserted
2026-03-18 15:53:17,674 INFO     moonshot  backfill_history: 270/467 coins (58%) — +270 rows this run
2026-03-18 15:53:18,591 INFO     moonshot  backfill_candles: MOODENG-USDT — 1 rows inserted
2026-03-18 15:53:19,451 INFO     moonshot  backfill_candles: MORPHO-USDT — 1 rows inserted
2026-03-18 15:53:20,350 INFO     moonshot  backfill_candles: MOVE-USDT — 1 rows inserted
2026-03-18 15:53:21,262 INFO     moonshot  backfill_candles: MOVR-USDT — 1 rows inserted
2026-03-18 15:53:22,211 INFO     moonshot  backfill_candles: MSTR-USDT — 1 rows inserted
2026-03-18 15:53:23,069 INFO     moonshot  backfill_candles: MTL-USDT — 1 rows inserted
2026-03-18 15:53:23,972 INFO     moonshot  backfill_candles: MUBARAK-USDT — 1 rows inserted
2026-03-18 15:53:24,873 INFO     moonshot  backfill_candles: NAORIS-USDT — 1 rows inserted
2026-03-18 15:53:25,766 INFO     moonshot  backfill_candles: NEAR-USDT — 1 rows inserted
2026-03-18 15:53:26,647 INFO     moonshot  backfill_candles: NEIRO-USDT — 1 rows inserted
2026-03-18 15:53:26,648 INFO     moonshot  backfill_history: 280/467 coins (60%) — +280 rows this run
2026-03-18 15:53:27,639 INFO     moonshot  backfill_candles: NEO-USDT — 1 rows inserted
2026-03-18 15:53:28,567 INFO     moonshot  backfill_candles: NEWT-USDT — 1 rows inserted
2026-03-18 15:53:28,841 INFO     moonshot  backfill_candles: NG-USDT — 1 rows inserted
2026-03-18 15:53:29,752 INFO     moonshot  backfill_candles: NIGHT-USDT — 1 rows inserted
2026-03-18 15:53:30,642 INFO     moonshot  backfill_candles: NIL-USDT — 1 rows inserted
2026-03-18 15:53:31,566 INFO     moonshot  backfill_candles: NOM-USDT — 0 rows inserted
2026-03-18 15:53:32,478 INFO     moonshot  backfill_candles: NOT-USDT — 0 rows inserted
2026-03-18 15:53:33,359 INFO     moonshot  backfill_candles: OGN-USDT — 1 rows inserted
2026-03-18 15:53:34,260 INFO     moonshot  backfill_candles: ON-USDT — 1 rows inserted
2026-03-18 15:53:35,157 INFO     moonshot  backfill_candles: ONDO-USDT — 0 rows inserted
2026-03-18 15:53:35,158 INFO     moonshot  backfill_history: 290/467 coins (62%) — +287 rows this run
2026-03-18 15:53:36,053 INFO     moonshot  backfill_candles: ONE-USDT — 0 rows inserted
2026-03-18 15:53:36,949 INFO     moonshot  backfill_candles: ONT-USDT — 0 rows inserted
2026-03-18 15:53:38,031 INFO     moonshot  backfill_candles: OP-USDT — 0 rows inserted
2026-03-18 15:53:38,940 INFO     moonshot  backfill_candles: OPEN-USDT — 0 rows inserted
2026-03-18 15:53:39,176 INFO     moonshot  backfill_candles: OPN-USDT — 0 rows inserted
2026-03-18 15:53:40,062 INFO     moonshot  backfill_candles: ORCA-USDT — 0 rows inserted
2026-03-18 15:53:40,955 INFO     moonshot  backfill_candles: ORDER-USDT — 0 rows inserted
2026-03-18 15:53:41,872 INFO     moonshot  backfill_candles: ORDI-USDT — 1 rows inserted
2026-03-18 15:53:42,729 INFO     moonshot  backfill_candles: PARTI-USDT — 0 rows inserted
2026-03-18 15:53:43,629 INFO     moonshot  backfill_candles: PENDLE-USDT — 1 rows inserted
2026-03-18 15:53:43,629 INFO     moonshot  backfill_history: 300/467 coins (64%) — +289 rows this run
2026-03-18 15:53:44,576 INFO     moonshot  backfill_candles: PENGU-USDT — 1 rows inserted
2026-03-18 15:53:45,508 INFO     moonshot  backfill_candles: PEOPLE-USDT — 0 rows inserted
2026-03-18 15:53:46,403 INFO     moonshot  backfill_candles: PEPE-USDT — 0 rows inserted
2026-03-18 15:53:47,314 INFO     moonshot  backfill_candles: PHA-USDT — 0 rows inserted
2026-03-18 15:53:48,211 INFO     moonshot  backfill_candles: PHB-USDT — 0 rows inserted
2026-03-18 15:53:49,108 INFO     moonshot  backfill_candles: PIEVERSE-USDT — 0 rows inserted
2026-03-18 15:53:50,053 INFO     moonshot  backfill_candles: PIPPIN-USDT — 1 rows inserted
2026-03-18 15:53:50,959 INFO     moonshot  backfill_candles: PIXEL-USDT — 0 rows inserted
2026-03-18 15:53:51,858 INFO     moonshot  backfill_candles: PLTR-USDT — 0 rows inserted
2026-03-18 15:53:52,752 INFO     moonshot  backfill_candles: PLUME-USDT — 1 rows inserted
2026-03-18 15:53:52,752 INFO     moonshot  backfill_history: 310/467 coins (66%) — +292 rows this run
2026-03-18 15:53:53,655 INFO     moonshot  backfill_candles: PNUT-USDT — 1 rows inserted
2026-03-18 15:53:54,573 INFO     moonshot  backfill_candles: POL-USDT — 1 rows inserted
2026-03-18 15:53:55,462 INFO     moonshot  backfill_candles: POLYX-USDT — 1 rows inserted
2026-03-18 15:53:56,410 INFO     moonshot  backfill_candles: POPCAT-USDT — 1 rows inserted
2026-03-18 15:53:57,272 INFO     moonshot  backfill_candles: PORTAL-USDT — 1 rows inserted
2026-03-18 15:53:58,272 INFO     moonshot  backfill_candles: POWER-USDT — 1 rows inserted
2026-03-18 15:53:59,151 INFO     moonshot  backfill_candles: PROM-USDT — 1 rows inserted
2026-03-18 15:54:00,023 INFO     moonshot  backfill_candles: PROMPT-USDT — 1 rows inserted
2026-03-18 15:54:00,946 INFO     moonshot  backfill_candles: PROVE-USDT — 1 rows inserted
2026-03-18 15:54:01,868 INFO     moonshot  backfill_candles: PTB-USDT — 1 rows inserted
2026-03-18 15:54:01,869 INFO     moonshot  backfill_history: 320/467 coins (69%) — +302 rows this run
2026-03-18 15:54:02,772 INFO     moonshot  backfill_candles: PUMP-USDT — 1 rows inserted
2026-03-18 15:54:03,678 INFO     moonshot  backfill_candles: PUNDIX-USDT — 1 rows inserted
2026-03-18 15:54:04,774 INFO     moonshot  backfill_candles: PYTH-USDT — 1 rows inserted
2026-03-18 15:54:05,671 INFO     moonshot  backfill_candles: Q-USDT — 0 rows inserted
2026-03-18 15:54:06,550 INFO     moonshot  backfill_candles: QNT-USDT — 0 rows inserted
2026-03-18 15:54:06,786 INFO     moonshot  backfill_candles: QQQ-USDT — 0 rows inserted
2026-03-18 15:54:07,662 INFO     moonshot  backfill_candles: QTUM-USDT — 0 rows inserted
2026-03-18 15:54:08,557 INFO     moonshot  backfill_candles: RARE-USDT — 0 rows inserted
2026-03-18 15:54:09,460 INFO     moonshot  backfill_candles: RAVE-USDT — 0 rows inserted
2026-03-18 15:54:10,355 INFO     moonshot  backfill_candles: RAY-USDT — 0 rows inserted
2026-03-18 15:54:10,355 INFO     moonshot  backfill_history: 330/467 coins (71%) — +305 rows this run
2026-03-18 15:54:11,287 INFO     moonshot  backfill_candles: RECALL-USDT — 0 rows inserted
2026-03-18 15:54:12,256 INFO     moonshot  backfill_candles: RED-USDT — 0 rows inserted
2026-03-18 15:54:13,144 INFO     moonshot  backfill_candles: RENDER-USDT — 0 rows inserted
2026-03-18 15:54:14,037 INFO     moonshot  backfill_candles: RESOLV-USDT — 0 rows inserted
2026-03-18 15:54:14,917 INFO     moonshot  backfill_candles: REZ-USDT — 0 rows inserted
2026-03-18 15:54:15,815 INFO     moonshot  backfill_candles: RIVER-USDT — 1 rows inserted
2026-03-18 15:54:16,720 INFO     moonshot  backfill_candles: RLC-USDT — 1 rows inserted
2026-03-18 15:54:16,978 INFO     moonshot  backfill_candles: ROBO-USDT — 0 rows inserted
2026-03-18 15:54:17,868 INFO     moonshot  backfill_candles: ROSE-USDT — 0 rows inserted
2026-03-18 15:54:18,768 INFO     moonshot  backfill_candles: RPL-USDT — 0 rows inserted
2026-03-18 15:54:18,769 INFO     moonshot  backfill_history: 340/467 coins (73%) — +307 rows this run
2026-03-18 15:54:19,720 INFO     moonshot  backfill_candles: RSR-USDT — 1 rows inserted
2026-03-18 15:54:20,585 INFO     moonshot  backfill_candles: RUNE-USDT — 0 rows inserted
2026-03-18 15:54:21,522 INFO     moonshot  backfill_candles: RVN-USDT — 0 rows inserted
2026-03-18 15:54:22,400 INFO     moonshot  backfill_candles: S-USDT — 0 rows inserted
2026-03-18 15:54:23,316 INFO     moonshot  backfill_candles: SAFE-USDT — 0 rows inserted
2026-03-18 15:54:24,249 INFO     moonshot  backfill_candles: SAGA-USDT — 0 rows inserted
2026-03-18 15:54:25,152 INFO     moonshot  backfill_candles: SAHARA-USDT — 0 rows inserted
2026-03-18 15:54:26,042 INFO     moonshot  backfill_candles: SAND-USDT — 0 rows inserted
2026-03-18 15:54:26,920 INFO     moonshot  backfill_candles: SANTOS-USDT — 0 rows inserted
2026-03-18 15:54:27,815 INFO     moonshot  backfill_candles: SAPIEN-USDT — 0 rows inserted
2026-03-18 15:54:27,815 INFO     moonshot  backfill_history: 350/467 coins (75%) — +308 rows this run
2026-03-18 15:54:28,718 INFO     moonshot  backfill_candles: SEI-USDT — 0 rows inserted
2026-03-18 15:54:29,579 INFO     moonshot  backfill_candles: SENT-USDT — 0 rows inserted
2026-03-18 15:54:30,517 INFO     moonshot  backfill_candles: SFP-USDT — 0 rows inserted
2026-03-18 15:54:31,396 INFO     moonshot  backfill_candles: SHELL-USDT — 0 rows inserted
2026-03-18 15:54:32,266 INFO     moonshot  backfill_candles: SHIB-USDT — 0 rows inserted
2026-03-18 15:54:33,137 INFO     moonshot  backfill_candles: SIGN-USDT — 0 rows inserted
2026-03-18 15:54:34,036 INFO     moonshot  backfill_candles: SKL-USDT — 0 rows inserted
2026-03-18 15:54:34,957 INFO     moonshot  backfill_candles: SKR-USDT — 1 rows inserted
2026-03-18 15:54:35,871 INFO     moonshot  backfill_candles: SKY-USDT — 0 rows inserted
2026-03-18 15:54:36,768 INFO     moonshot  backfill_candles: SNX-USDT — 0 rows inserted
2026-03-18 15:54:36,769 INFO     moonshot  backfill_history: 360/467 coins (77%) — +309 rows this run
2026-03-18 15:54:37,653 INFO     moonshot  backfill_candles: SOL-USDT — 0 rows inserted
2026-03-18 15:54:38,530 INFO     moonshot  backfill_candles: SOMI-USDT — 0 rows inserted
2026-03-18 15:54:39,451 INFO     moonshot  backfill_candles: SONIC-USDT — 1 rows inserted
2026-03-18 15:54:40,483 INFO     moonshot  backfill_candles: SOPH-USDT — 0 rows inserted
2026-03-18 15:54:41,358 INFO     moonshot  backfill_candles: SPACE-USDT — 0 rows inserted
2026-03-18 15:54:42,334 INFO     moonshot  backfill_candles: SPELL-USDT — 0 rows inserted
2026-03-18 15:54:43,231 INFO     moonshot  backfill_candles: SPK-USDT — 0 rows inserted
2026-03-18 15:54:44,111 INFO     moonshot  backfill_candles: SPORTFUN-USDT — 0 rows inserted
2026-03-18 15:54:44,954 INFO     moonshot  backfill_candles: SPX-USDT — 0 rows inserted
2026-03-18 15:54:45,177 INFO     moonshot  backfill_candles: SPY-USDT — 0 rows inserted
2026-03-18 15:54:45,178 INFO     moonshot  backfill_history: 370/467 coins (79%) — +310 rows this run
2026-03-18 15:54:46,074 INFO     moonshot  backfill_candles: SQD-USDT — 0 rows inserted
2026-03-18 15:54:46,977 INFO     moonshot  backfill_candles: SSV-USDT — 0 rows inserted
2026-03-18 15:54:47,886 INFO     moonshot  backfill_candles: STABLE-USDT — 1 rows inserted
2026-03-18 15:54:48,810 INFO     moonshot  backfill_candles: STBL-USDT — 1 rows inserted
2026-03-18 15:54:49,722 INFO     moonshot  backfill_candles: STEEM-USDT — 0 rows inserted
2026-03-18 15:54:50,635 INFO     moonshot  backfill_candles: STG-USDT — 0 rows inserted
2026-03-18 15:54:51,508 INFO     moonshot  backfill_candles: STRK-USDT — 0 rows inserted
2026-03-18 15:54:52,379 INFO     moonshot  backfill_candles: STX-USDT — 0 rows inserted
2026-03-18 15:54:53,293 INFO     moonshot  backfill_candles: SUI-USDT — 0 rows inserted
2026-03-18 15:54:54,207 INFO     moonshot  backfill_candles: SUN-USDT — 0 rows inserted
2026-03-18 15:54:54,208 INFO     moonshot  backfill_history: 380/467 coins (81%) — +312 rows this run
2026-03-18 15:54:55,129 INFO     moonshot  backfill_candles: SUPER-USDT — 0 rows inserted
2026-03-18 15:54:56,090 INFO     moonshot  backfill_candles: SUSHI-USDT — 1 rows inserted
2026-03-18 15:54:56,985 INFO     moonshot  backfill_candles: SWARMS-USDT — 0 rows inserted
2026-03-18 15:54:57,965 INFO     moonshot  backfill_candles: SXT-USDT — 1 rows inserted
2026-03-18 15:54:58,872 INFO     moonshot  backfill_candles: SYRUP-USDT — 0 rows inserted
2026-03-18 15:54:59,837 INFO     moonshot  backfill_candles: SYS-USDT — 0 rows inserted
2026-03-18 15:55:00,750 INFO     moonshot  backfill_candles: TA-USDT — 0 rows inserted
2026-03-18 15:55:01,737 INFO     moonshot  backfill_candles: TAIKO-USDT — 1 rows inserted
2026-03-18 15:55:02,643 INFO     moonshot  backfill_candles: TAKE-USDT — 1 rows inserted
2026-03-18 15:55:03,556 INFO     moonshot  backfill_candles: TAO-USDT — 1 rows inserted
2026-03-18 15:55:03,557 INFO     moonshot  backfill_history: 390/467 coins (84%) — +317 rows this run
2026-03-18 15:55:04,470 INFO     moonshot  backfill_candles: THE-USDT — 1 rows inserted
2026-03-18 15:55:05,405 INFO     moonshot  backfill_candles: THETA-USDT — 1 rows inserted
2026-03-18 15:55:06,440 INFO     moonshot  backfill_candles: TIA-USDT — 1 rows inserted
2026-03-18 15:55:07,353 INFO     moonshot  backfill_candles: TON-USDT — 1 rows inserted
2026-03-18 15:55:08,230 INFO     moonshot  backfill_candles: TOSHI-USDT — 1 rows inserted
2026-03-18 15:55:09,127 INFO     moonshot  backfill_candles: TOWNS-USDT — 1 rows inserted
2026-03-18 15:55:10,012 INFO     moonshot  backfill_candles: TRADOOR-USDT — 1 rows inserted
2026-03-18 15:55:10,915 INFO     moonshot  backfill_candles: TRB-USDT — 1 rows inserted
2026-03-18 15:55:11,825 INFO     moonshot  backfill_candles: TREE-USDT — 1 rows inserted
2026-03-18 15:55:12,689 INFO     moonshot  backfill_candles: TRIA-USDT — 1 rows inserted
2026-03-18 15:55:12,690 INFO     moonshot  backfill_history: 400/467 coins (86%) — +327 rows this run
2026-03-18 15:55:13,568 INFO     moonshot  backfill_candles: TRU-USDT — 1 rows inserted
2026-03-18 15:55:14,483 INFO     moonshot  backfill_candles: TRUMP-USDT — 1 rows inserted
2026-03-18 15:55:15,381 INFO     moonshot  backfill_candles: TRUST-USDT — 1 rows inserted
2026-03-18 15:55:16,283 INFO     moonshot  backfill_candles: TRUTH-USDT — 1 rows inserted
2026-03-18 15:55:17,237 INFO     moonshot  backfill_candles: TRX-USDT — 1 rows inserted
2026-03-18 15:55:18,171 INFO     moonshot  backfill_candles: TSLA-USDT — 1 rows inserted
2026-03-18 15:55:19,067 INFO     moonshot  backfill_candles: TURBO-USDT — 1 rows inserted
2026-03-18 15:55:19,967 INFO     moonshot  backfill_candles: TURTLE-USDT — 1 rows inserted
2026-03-18 15:55:20,898 INFO     moonshot  backfill_candles: TWT-USDT — 1 rows inserted
2026-03-18 15:55:21,831 INFO     moonshot  backfill_candles: UAI-USDT — 1 rows inserted
2026-03-18 15:55:21,832 INFO     moonshot  backfill_history: 410/467 coins (88%) — +337 rows this run
2026-03-18 15:55:22,791 INFO     moonshot  backfill_candles: UB-USDT — 1 rows inserted
2026-03-18 15:55:23,698 INFO     moonshot  backfill_candles: UMA-USDT — 1 rows inserted
2026-03-18 15:55:24,623 INFO     moonshot  backfill_candles: UNI-USDT — 1 rows inserted
2026-03-18 15:55:25,531 INFO     moonshot  backfill_candles: US-USDT — 1 rows inserted
2026-03-18 15:55:26,437 INFO     moonshot  backfill_candles: USELESS-USDT — 1 rows inserted
2026-03-18 15:55:27,338 INFO     moonshot  backfill_candles: USTC-USDT — 1 rows inserted
2026-03-18 15:55:28,247 INFO     moonshot  backfill_candles: USUAL-USDT — 1 rows inserted
2026-03-18 15:55:29,155 INFO     moonshot  backfill_candles: VANA-USDT — 1 rows inserted
2026-03-18 15:55:30,065 INFO     moonshot  backfill_candles: VANRY-USDT — 1 rows inserted
2026-03-18 15:55:30,987 INFO     moonshot  backfill_candles: VELVET-USDT — 1 rows inserted
2026-03-18 15:55:30,987 INFO     moonshot  backfill_history: 420/467 coins (90%) — +347 rows this run
2026-03-18 15:55:31,896 INFO     moonshot  backfill_candles: VET-USDT — 1 rows inserted
2026-03-18 15:55:32,785 INFO     moonshot  backfill_candles: VINE-USDT — 1 rows inserted
2026-03-18 15:55:33,693 INFO     moonshot  backfill_candles: VIRTUAL-USDT — 1 rows inserted
2026-03-18 15:55:34,579 INFO     moonshot  backfill_candles: VTHO-USDT — 1 rows inserted
2026-03-18 15:55:35,514 INFO     moonshot  backfill_candles: VVV-USDT — 1 rows inserted
2026-03-18 15:55:36,436 INFO     moonshot  backfill_candles: W-USDT — 1 rows inserted
2026-03-18 15:55:37,447 INFO     moonshot  backfill_candles: WAL-USDT — 0 rows inserted
2026-03-18 15:55:38,360 INFO     moonshot  backfill_candles: WAVES-USDT — 0 rows inserted
2026-03-18 15:55:39,282 INFO     moonshot  backfill_candles: WCT-USDT — 0 rows inserted
2026-03-18 15:55:40,179 INFO     moonshot  backfill_candles: WET-USDT — 0 rows inserted
2026-03-18 15:55:40,179 INFO     moonshot  backfill_history: 430/467 coins (92%) — +353 rows this run
2026-03-18 15:55:41,068 INFO     moonshot  backfill_candles: WIF-USDT — 0 rows inserted
2026-03-18 15:55:41,984 INFO     moonshot  backfill_candles: WLD-USDT — 0 rows inserted
2026-03-18 15:55:42,880 INFO     moonshot  backfill_candles: WLFI-USDT — 0 rows inserted
2026-03-18 15:55:43,824 INFO     moonshot  backfill_candles: WOO-USDT — 0 rows inserted
2026-03-18 15:55:44,720 INFO     moonshot  backfill_candles: XAG-USDT — 0 rows inserted
2026-03-18 15:55:45,711 INFO     moonshot  backfill_candles: XAI-USDT — 0 rows inserted
2026-03-18 15:55:46,583 INFO     moonshot  backfill_candles: XAN-USDT — 0 rows inserted
2026-03-18 15:55:47,490 INFO     moonshot  backfill_candles: XAU-USDT — 1 rows inserted
2026-03-18 15:55:48,393 INFO     moonshot  backfill_candles: XAUT-USDT — 1 rows inserted
2026-03-18 15:55:48,653 INFO     moonshot  backfill_candles: XCU-USDT — 0 rows inserted
2026-03-18 15:55:48,654 INFO     moonshot  backfill_history: 440/467 coins (94%) — +355 rows this run
2026-03-18 15:55:49,587 INFO     moonshot  backfill_candles: XLM-USDT — 1 rows inserted
2026-03-18 15:55:50,477 INFO     moonshot  backfill_candles: XMR-USDT — 1 rows inserted
2026-03-18 15:55:51,377 INFO     moonshot  backfill_candles: XNY-USDT — 1 rows inserted
2026-03-18 15:55:52,283 INFO     moonshot  backfill_candles: XPD-USDT — 1 rows inserted
2026-03-18 15:55:53,180 INFO     moonshot  backfill_candles: XPIN-USDT — 1 rows inserted
2026-03-18 15:55:54,079 INFO     moonshot  backfill_candles: XPL-USDT — 1 rows inserted
2026-03-18 15:55:54,975 INFO     moonshot  backfill_candles: XPT-USDT — 1 rows inserted
2026-03-18 15:55:55,880 INFO     moonshot  backfill_candles: XRP-USDT — 1 rows inserted
2026-03-18 15:55:56,800 INFO     moonshot  backfill_candles: XTZ-USDT — 0 rows inserted
2026-03-18 15:55:57,723 INFO     moonshot  backfill_candles: XVG-USDT — 0 rows inserted
2026-03-18 15:55:57,723 INFO     moonshot  backfill_history: 450/467 coins (96%) — +363 rows this run
2026-03-18 15:55:58,639 INFO     moonshot  backfill_candles: YB-USDT — 0 rows inserted
2026-03-18 15:55:59,594 INFO     moonshot  backfill_candles: YFI-USDT — 0 rows inserted
2026-03-18 15:56:00,561 INFO     moonshot  backfill_candles: YGG-USDT — 0 rows inserted
2026-03-18 15:56:01,517 INFO     moonshot  backfill_candles: ZAMA-USDT — 1 rows inserted
2026-03-18 15:56:02,406 INFO     moonshot  backfill_candles: ZBCN-USDT — 1 rows inserted
2026-03-18 15:56:03,324 INFO     moonshot  backfill_candles: ZBT-USDT — 1 rows inserted
2026-03-18 15:56:04,217 INFO     moonshot  backfill_candles: ZEC-USDT — 1 rows inserted
2026-03-18 15:56:05,170 INFO     moonshot  backfill_candles: ZEN-USDT — 1 rows inserted
2026-03-18 15:56:06,056 INFO     moonshot  backfill_candles: ZEREBRO-USDT — 1 rows inserted
2026-03-18 15:56:06,938 INFO     moonshot  backfill_candles: ZETA-USDT — 1 rows inserted
2026-03-18 15:56:06,939 INFO     moonshot  backfill_history: 460/467 coins (99%) — +370 rows this run
2026-03-18 15:56:07,858 INFO     moonshot  backfill_candles: ZIL-USDT — 1 rows inserted
2026-03-18 15:56:08,846 INFO     moonshot  backfill_candles: ZK-USDT — 1 rows inserted
2026-03-18 15:56:09,754 INFO     moonshot  backfill_candles: ZKC-USDT — 1 rows inserted
2026-03-18 15:56:10,664 INFO     moonshot  backfill_candles: ZKP-USDT — 1 rows inserted
2026-03-18 15:56:11,586 INFO     moonshot  backfill_candles: ZORA-USDT — 1 rows inserted
2026-03-18 15:56:12,551 INFO     moonshot  backfill_candles: ZRO-USDT — 1 rows inserted
2026-03-18 15:56:13,494 INFO     moonshot  backfill_candles: ZRX-USDT — 1 rows inserted
2026-03-18 15:56:13,495 INFO     moonshot  backfill_history: 467/467 coins (100%) — +377 rows this run
2026-03-18 15:56:13,495 INFO     moonshot  backfill_history: DONE — 377 rows inserted, 0 coins already at target depth
