2026-03-18 15:49:02,854 INFO     moonshot  Database initialized at /home/rob/.openclaw/workspace/blofin-moonshot-v2/data/moonshot_v2.db
2026-03-18 15:49:02,854 INFO     moonshot  backfill_history: 467 coins, target=4y back (~2022-03-18)
2026-03-18 15:49:03,844 INFO     moonshot  backfill_candles: 0G-USDT — 0 rows inserted
2026-03-18 15:49:04,768 INFO     moonshot  backfill_candles: 1000000BABYDOGE-USDT — 0 rows inserted
2026-03-18 15:49:05,699 INFO     moonshot  backfill_candles: 1000000MOG-USDT — 0 rows inserted
2026-03-18 15:49:06,616 INFO     moonshot  backfill_candles: 10000SATS-USDT — 0 rows inserted
2026-03-18 15:49:07,510 INFO     moonshot  backfill_candles: 1000BONK-USDT — 0 rows inserted
2026-03-18 15:49:08,435 INFO     moonshot  backfill_candles: 1000FLOKI-USDT — 0 rows inserted
2026-03-18 15:49:09,717 INFO     moonshot  backfill_candles: 1000RATS-USDT — 0 rows inserted
2026-03-18 15:49:10,637 INFO     moonshot  backfill_candles: 1INCH-USDT — 0 rows inserted
2026-03-18 15:49:11,564 INFO     moonshot  backfill_candles: A-USDT — 0 rows inserted
2026-03-18 15:49:12,465 INFO     moonshot  backfill_candles: AAVE-USDT — 0 rows inserted
2026-03-18 15:49:12,466 INFO     moonshot  backfill_history: 10/467 coins (2%) — +0 rows this run
2026-03-18 15:49:13,408 INFO     moonshot  backfill_candles: ACE-USDT — 0 rows inserted
2026-03-18 15:49:14,320 INFO     moonshot  backfill_candles: ACH-USDT — 0 rows inserted
2026-03-18 15:49:15,248 INFO     moonshot  backfill_candles: ACT-USDT — 0 rows inserted
2026-03-18 15:49:16,143 INFO     moonshot  backfill_candles: ACU-USDT — 0 rows inserted
2026-03-18 15:49:17,077 INFO     moonshot  backfill_candles: ACX-USDT — 0 rows inserted
2026-03-18 15:49:18,026 INFO     moonshot  backfill_candles: ADA-USDT — 0 rows inserted
2026-03-18 15:49:18,934 INFO     moonshot  backfill_candles: AERGO-USDT — 0 rows inserted
2026-03-18 15:49:20,028 INFO     moonshot  backfill_candles: AERO-USDT — 0 rows inserted
2026-03-18 15:49:20,972 INFO     moonshot  backfill_candles: AEVO-USDT — 0 rows inserted
2026-03-18 15:49:22,110 INFO     moonshot  backfill_candles: AGLD-USDT — 0 rows inserted
2026-03-18 15:49:22,115 INFO     moonshot  backfill_history: 20/467 coins (4%) — +0 rows this run
2026-03-18 15:49:23,051 INFO     moonshot  backfill_candles: AIA-USDT — 0 rows inserted
2026-03-18 15:49:23,948 INFO     moonshot  backfill_candles: AIO-USDT — 0 rows inserted
2026-03-18 15:49:24,865 INFO     moonshot  backfill_candles: AIXBT-USDT — 0 rows inserted
2026-03-18 15:49:25,848 INFO     moonshot  backfill_candles: AKT-USDT — 0 rows inserted
2026-03-18 15:49:26,811 INFO     moonshot  backfill_candles: ALCH-USDT — 0 rows inserted
2026-03-18 15:49:27,728 INFO     moonshot  backfill_candles: ALGO-USDT — 0 rows inserted
2026-03-18 15:49:28,647 INFO     moonshot  backfill_candles: ALICE-USDT — 0 rows inserted
2026-03-18 15:49:29,546 INFO     moonshot  backfill_candles: ALPINE-USDT — 0 rows inserted
2026-03-18 15:49:30,462 INFO     moonshot  backfill_candles: ALT-USDT — 0 rows inserted
2026-03-18 15:49:31,359 INFO     moonshot  backfill_candles: AMZN-USDT — 0 rows inserted
2026-03-18 15:49:31,360 INFO     moonshot  backfill_history: 30/467 coins (6%) — +0 rows this run
2026-03-18 15:49:32,319 INFO     moonshot  backfill_candles: ANIME-USDT — 0 rows inserted
2026-03-18 15:49:33,225 INFO     moonshot  backfill_candles: ANKR-USDT — 0 rows inserted
2026-03-18 15:49:34,153 INFO     moonshot  backfill_candles: APE-USDT — 0 rows inserted
2026-03-18 15:49:35,044 INFO     moonshot  backfill_candles: APEX-USDT — 0 rows inserted
2026-03-18 15:49:35,954 INFO     moonshot  backfill_candles: API3-USDT — 0 rows inserted
2026-03-18 15:49:36,886 INFO     moonshot  backfill_candles: APR-USDT — 0 rows inserted
2026-03-18 15:49:37,771 INFO     moonshot  backfill_candles: APT-USDT — 0 rows inserted
2026-03-18 15:49:38,685 INFO     moonshot  backfill_candles: AR-USDT — 0 rows inserted
2026-03-18 15:49:39,583 INFO     moonshot  backfill_candles: ARB-USDT — 0 rows inserted
2026-03-18 15:49:40,521 INFO     moonshot  backfill_candles: ARC-USDT — 0 rows inserted
2026-03-18 15:49:40,521 INFO     moonshot  backfill_history: 40/467 coins (9%) — +0 rows this run
2026-03-18 15:49:41,433 INFO     moonshot  backfill_candles: ARKM-USDT — 0 rows inserted
2026-03-18 15:49:42,340 INFO     moonshot  backfill_candles: ARPA-USDT — 0 rows inserted
2026-03-18 15:49:43,294 INFO     moonshot  backfill_candles: ASR-USDT — 0 rows inserted
2026-03-18 15:49:44,204 INFO     moonshot  backfill_candles: ASTER-USDT — 0 rows inserted
2026-03-18 15:49:45,121 INFO     moonshot  backfill_candles: ASTR-USDT — 0 rows inserted
2026-03-18 15:49:45,992 INFO     moonshot  backfill_candles: AT-USDT — 0 rows inserted
2026-03-18 15:49:46,905 INFO     moonshot  backfill_candles: ATH-USDT — 0 rows inserted
2026-03-18 15:49:47,826 INFO     moonshot  backfill_candles: ATOM-USDT — 0 rows inserted
2026-03-18 15:49:48,734 INFO     moonshot  backfill_candles: AUCTION-USDT — 0 rows inserted
2026-03-18 15:49:49,636 INFO     moonshot  backfill_candles: AVA-USDT — 0 rows inserted
2026-03-18 15:49:49,636 INFO     moonshot  backfill_history: 50/467 coins (11%) — +0 rows this run
2026-03-18 15:49:50,527 INFO     moonshot  backfill_candles: AVAAI-USDT — 0 rows inserted
2026-03-18 15:49:51,429 INFO     moonshot  backfill_candles: AVAX-USDT — 0 rows inserted
2026-03-18 15:49:52,353 INFO     moonshot  backfill_candles: AVNT-USDT — 0 rows inserted
2026-03-18 15:49:53,261 INFO     moonshot  backfill_candles: AWE-USDT — 0 rows inserted
2026-03-18 15:49:54,181 INFO     moonshot  backfill_candles: AXL-USDT — 0 rows inserted
2026-03-18 15:49:55,049 INFO     moonshot  backfill_candles: AXS-USDT — 0 rows inserted
2026-03-18 15:49:55,944 INFO     moonshot  backfill_candles: AZTEC-USDT — 0 rows inserted
2026-03-18 15:49:56,848 INFO     moonshot  backfill_candles: B-USDT — 0 rows inserted
2026-03-18 15:49:57,765 INFO     moonshot  backfill_candles: BABY-USDT — 0 rows inserted
2026-03-18 15:49:58,650 INFO     moonshot  backfill_candles: BAN-USDT — 0 rows inserted
2026-03-18 15:49:58,651 INFO     moonshot  backfill_history: 60/467 coins (13%) — +0 rows this run
2026-03-18 15:49:59,541 INFO     moonshot  backfill_candles: BANANA-USDT — 0 rows inserted
2026-03-18 15:50:00,449 INFO     moonshot  backfill_candles: BANANAS31-USDT — 0 rows inserted
2026-03-18 15:50:01,364 INFO     moonshot  backfill_candles: BAND-USDT — 0 rows inserted
2026-03-18 15:50:02,364 INFO     moonshot  backfill_candles: BANK-USDT — 0 rows inserted
2026-03-18 15:50:03,274 INFO     moonshot  backfill_candles: BARD-USDT — 0 rows inserted
2026-03-18 15:50:04,202 INFO     moonshot  backfill_candles: BAS-USDT — 0 rows inserted
2026-03-18 15:50:05,113 INFO     moonshot  backfill_candles: BAT-USDT — 0 rows inserted
2026-03-18 15:50:06,026 INFO     moonshot  backfill_candles: BB-USDT — 0 rows inserted
2026-03-18 15:50:07,005 INFO     moonshot  backfill_candles: BCH-USDT — 0 rows inserted
2026-03-18 15:50:07,983 INFO     moonshot  backfill_candles: BEAM-USDT — 0 rows inserted
2026-03-18 15:50:07,984 INFO     moonshot  backfill_history: 70/467 coins (15%) — +0 rows this run
2026-03-18 15:50:08,914 INFO     moonshot  backfill_candles: BEAT-USDT — 0 rows inserted
2026-03-18 15:50:09,820 INFO     moonshot  backfill_candles: BERA-USDT — 0 rows inserted
2026-03-18 15:50:10,717 INFO     moonshot  backfill_candles: BIGTIME-USDT — 0 rows inserted
2026-03-18 15:50:11,637 INFO     moonshot  backfill_candles: BIO-USDT — 0 rows inserted
2026-03-18 15:50:12,606 INFO     moonshot  backfill_candles: BIRB-USDT — 0 rows inserted
2026-03-18 15:50:13,543 INFO     moonshot  backfill_candles: BLAST-USDT — 0 rows inserted
2026-03-18 15:50:14,521 INFO     moonshot  backfill_candles: BLESS-USDT — 0 rows inserted
2026-03-18 15:50:15,424 INFO     moonshot  backfill_candles: BLUAI-USDT — 0 rows inserted
2026-03-18 15:50:16,308 INFO     moonshot  backfill_candles: BLUR-USDT — 0 rows inserted
2026-03-18 15:50:17,205 INFO     moonshot  backfill_candles: BNB-USDT — 0 rows inserted
2026-03-18 15:50:17,206 INFO     moonshot  backfill_history: 80/467 coins (17%) — +0 rows this run
2026-03-18 15:50:18,101 INFO     moonshot  backfill_candles: BOB-USDT — 0 rows inserted
2026-03-18 15:50:19,007 INFO     moonshot  backfill_candles: BOME-USDT — 0 rows inserted
2026-03-18 15:50:19,903 INFO     moonshot  backfill_candles: BRETT-USDT — 0 rows inserted
2026-03-18 15:50:20,818 INFO     moonshot  backfill_candles: BREV-USDT — 0 rows inserted
2026-03-18 15:50:21,712 INFO     moonshot  backfill_candles: BSV-USDT — 0 rows inserted
2026-03-18 15:50:22,633 INFO     moonshot  backfill_candles: BTC-USDT — 0 rows inserted
2026-03-18 15:50:23,572 INFO     moonshot  backfill_candles: BTCDOM-USDT — 0 rows inserted
2026-03-18 15:50:24,510 INFO     moonshot  backfill_candles: C-USDT — 0 rows inserted
2026-03-18 15:50:25,423 INFO     moonshot  backfill_candles: C98-USDT — 0 rows inserted
2026-03-18 15:50:26,328 INFO     moonshot  backfill_candles: CAKE-USDT — 0 rows inserted
2026-03-18 15:50:26,328 INFO     moonshot  backfill_history: 90/467 coins (19%) — +0 rows this run
2026-03-18 15:50:27,267 INFO     moonshot  backfill_candles: CARV-USDT — 0 rows inserted
2026-03-18 15:50:28,184 INFO     moonshot  backfill_candles: CATI-USDT — 0 rows inserted
2026-03-18 15:50:29,198 INFO     moonshot  backfill_candles: CC-USDT — 0 rows inserted
2026-03-18 15:50:30,289 INFO     moonshot  backfill_candles: CELO-USDT — 0 rows inserted
2026-03-18 15:50:31,200 INFO     moonshot  backfill_candles: CELR-USDT — 0 rows inserted
2026-03-18 15:50:32,102 INFO     moonshot  backfill_candles: CETUS-USDT — 0 rows inserted
2026-03-18 15:50:32,394 INFO     moonshot  backfill_candles: CFG-USDT — 0 rows inserted
2026-03-18 15:50:33,297 INFO     moonshot  backfill_candles: CGPT-USDT — 0 rows inserted
2026-03-18 15:50:34,321 INFO     moonshot  backfill_candles: CHILLGUY-USDT — 0 rows inserted
2026-03-18 15:50:36,301 INFO     moonshot  backfill_candles: CHR-USDT — 0 rows inserted
2026-03-18 15:50:36,301 INFO     moonshot  backfill_history: 100/467 coins (21%) — +0 rows this run
2026-03-18 15:50:37,225 INFO     moonshot  backfill_candles: CHZ-USDT — 0 rows inserted
2026-03-18 15:50:38,203 INFO     moonshot  backfill_candles: CKB-USDT — 0 rows inserted
2026-03-18 15:50:38,449 INFO     moonshot  backfill_candles: CL-USDT — 0 rows inserted
2026-03-18 15:50:39,329 INFO     moonshot  backfill_candles: CLANKER-USDT — 0 rows inserted
2026-03-18 15:50:40,240 INFO     moonshot  backfill_candles: CLO-USDT — 0 rows inserted
2026-03-18 15:50:41,157 INFO     moonshot  backfill_candles: COIN-USDT — 0 rows inserted
2026-03-18 15:50:42,056 INFO     moonshot  backfill_candles: COLLECT-USDT — 0 rows inserted
2026-03-18 15:50:43,007 INFO     moonshot  backfill_candles: COMP-USDT — 0 rows inserted
2026-03-18 15:50:43,962 INFO     moonshot  backfill_candles: COOKIE-USDT — 0 rows inserted
2026-03-18 15:50:44,302 INFO     moonshot  backfill_candles: COPPER-USDT — 0 rows inserted
2026-03-18 15:50:44,303 INFO     moonshot  backfill_history: 110/467 coins (24%) — +0 rows this run
2026-03-18 15:50:45,228 INFO     moonshot  backfill_candles: COTI-USDT — 0 rows inserted
2026-03-18 15:50:46,138 INFO     moonshot  backfill_candles: COW-USDT — 0 rows inserted
2026-03-18 15:50:47,043 INFO     moonshot  backfill_candles: CRCL-USDT — 0 rows inserted
2026-03-18 15:50:48,264 INFO     moonshot  backfill_candles: CRO-USDT — 0 rows inserted
2026-03-18 15:50:49,173 INFO     moonshot  backfill_candles: CRV-USDT — 0 rows inserted
2026-03-18 15:50:50,076 INFO     moonshot  backfill_candles: CTK-USDT — 0 rows inserted
2026-03-18 15:50:51,047 INFO     moonshot  backfill_candles: CVX-USDT — 0 rows inserted
2026-03-18 15:50:51,994 INFO     moonshot  backfill_candles: CYBER-USDT — 0 rows inserted
2026-03-18 15:50:52,931 INFO     moonshot  backfill_candles: CYS-USDT — 0 rows inserted
2026-03-18 15:50:53,925 INFO     moonshot  backfill_candles: DAM-USDT — 0 rows inserted
2026-03-18 15:50:53,926 INFO     moonshot  backfill_history: 120/467 coins (26%) — +0 rows this run
2026-03-18 15:50:54,865 INFO     moonshot  backfill_candles: DASH-USDT — 0 rows inserted
2026-03-18 15:50:55,770 INFO     moonshot  backfill_candles: DEEP-USDT — 0 rows inserted
2026-03-18 15:50:56,736 INFO     moonshot  backfill_candles: DEGEN-USDT — 0 rows inserted
2026-03-18 15:50:57,668 INFO     moonshot  backfill_candles: DENT-USDT — 0 rows inserted
2026-03-18 15:50:58,643 INFO     moonshot  backfill_candles: DEXE-USDT — 0 rows inserted
2026-03-18 15:50:59,627 INFO     moonshot  backfill_candles: DIA-USDT — 0 rows inserted
2026-03-18 15:51:00,553 INFO     moonshot  backfill_candles: DOGE-USDT — 0 rows inserted
2026-03-18 15:51:01,475 INFO     moonshot  backfill_candles: DOOD-USDT — 0 rows inserted
2026-03-18 15:51:02,406 INFO     moonshot  backfill_candles: DOT-USDT — 0 rows inserted
2026-03-18 15:51:03,329 INFO     moonshot  backfill_candles: DRIFT-USDT — 0 rows inserted
2026-03-18 15:51:03,330 INFO     moonshot  backfill_history: 130/467 coins (28%) — +0 rows this run
2026-03-18 15:51:04,262 INFO     moonshot  backfill_candles: DUSK-USDT — 0 rows inserted
2026-03-18 15:51:05,282 INFO     moonshot  backfill_candles: DYDX-USDT — 0 rows inserted
2026-03-18 15:51:06,205 INFO     moonshot  backfill_candles: DYM-USDT — 0 rows inserted
2026-03-18 15:51:07,220 INFO     moonshot  backfill_candles: EDEN-USDT — 0 rows inserted
2026-03-18 15:51:08,188 INFO     moonshot  backfill_candles: EDU-USDT — 0 rows inserted
2026-03-18 15:51:09,345 INFO     moonshot  backfill_candles: EGLD-USDT — 0 rows inserted
2026-03-18 15:51:10,273 INFO     moonshot  backfill_candles: EIGEN-USDT — 0 rows inserted
2026-03-18 15:51:11,341 INFO     moonshot  backfill_candles: ELSA-USDT — 0 rows inserted
2026-03-18 15:51:12,557 INFO     moonshot  backfill_candles: ENA-USDT — 0 rows inserted
2026-03-18 15:51:13,551 INFO     moonshot  backfill_candles: ENJ-USDT — 0 rows inserted
2026-03-18 15:51:13,551 INFO     moonshot  backfill_history: 140/467 coins (30%) — +0 rows this run
2026-03-18 15:51:14,486 INFO     moonshot  backfill_candles: ENS-USDT — 0 rows inserted
2026-03-18 15:51:15,462 INFO     moonshot  backfill_candles: ENSO-USDT — 0 rows inserted
2026-03-18 15:51:16,524 INFO     moonshot  backfill_candles: EPIC-USDT — 0 rows inserted
2026-03-18 15:51:17,470 INFO     moonshot  backfill_candles: ERA-USDT — 0 rows inserted
2026-03-18 15:51:18,411 INFO     moonshot  backfill_candles: ESP-USDT — 0 rows inserted
2026-03-18 15:51:19,352 INFO     moonshot  backfill_candles: ETC-USDT — 0 rows inserted
2026-03-18 15:51:20,318 INFO     moonshot  backfill_candles: ETH-USDT — 0 rows inserted
2026-03-18 15:51:21,269 INFO     moonshot  backfill_candles: ETHBTC-USDT — 0 rows inserted
2026-03-18 15:51:22,391 INFO     moonshot  backfill_candles: ETHFI-USDT — 0 rows inserted
2026-03-18 15:51:23,406 INFO     moonshot  backfill_candles: ETHW-USDT — 0 rows inserted
2026-03-18 15:51:23,407 INFO     moonshot  backfill_history: 150/467 coins (32%) — +0 rows this run
2026-03-18 15:51:24,401 INFO     moonshot  backfill_candles: EUL-USDT — 0 rows inserted
2026-03-18 15:51:25,436 INFO     moonshot  backfill_candles: EVAA-USDT — 0 rows inserted
2026-03-18 15:51:25,674 INFO     moonshot  backfill_candles: EWJ-USDT — 0 rows inserted
2026-03-18 15:51:26,634 INFO     moonshot  backfill_candles: FARTCOIN-USDT — 0 rows inserted
2026-03-18 15:51:27,639 INFO     moonshot  backfill_candles: FET-USDT — 0 rows inserted
2026-03-18 15:51:28,616 INFO     moonshot  backfill_candles: FF-USDT — 0 rows inserted
2026-03-18 15:51:29,555 INFO     moonshot  backfill_candles: FIDA-USDT — 0 rows inserted
2026-03-18 15:51:30,494 INFO     moonshot  backfill_candles: FIGHT-USDT — 0 rows inserted
2026-03-18 15:51:31,441 INFO     moonshot  backfill_candles: FIL-USDT — 0 rows inserted
2026-03-18 15:51:32,461 INFO     moonshot  backfill_candles: FLOCK-USDT — 0 rows inserted
2026-03-18 15:51:32,461 INFO     moonshot  backfill_history: 160/467 coins (34%) — +0 rows this run
2026-03-18 15:51:33,345 INFO     moonshot  backfill_candles: FLOW-USDT — 0 rows inserted
2026-03-18 15:51:34,403 INFO     moonshot  backfill_candles: FLUID-USDT — 0 rows inserted
2026-03-18 15:51:35,446 INFO     moonshot  backfill_candles: FLUX-USDT — 0 rows inserted
2026-03-18 15:51:36,395 INFO     moonshot  backfill_candles: FOGO-USDT — 0 rows inserted
2026-03-18 15:51:37,419 INFO     moonshot  backfill_candles: FOLKS-USDT — 0 rows inserted
2026-03-18 15:51:38,345 INFO     moonshot  backfill_candles: FORM-USDT — 0 rows inserted
2026-03-18 15:51:39,309 INFO     moonshot  backfill_candles: FORTH-USDT — 0 rows inserted
2026-03-18 15:51:40,396 INFO     moonshot  backfill_candles: FRAX-USDT — 0 rows inserted
2026-03-18 15:51:41,317 INFO     moonshot  backfill_candles: FUN-USDT — 0 rows inserted
2026-03-18 15:51:42,423 INFO     moonshot  backfill_candles: G-USDT — 0 rows inserted
2026-03-18 15:51:42,424 INFO     moonshot  backfill_history: 170/467 coins (36%) — +0 rows this run
2026-03-18 15:51:43,348 INFO     moonshot  backfill_candles: GALA-USDT — 0 rows inserted
2026-03-18 15:51:44,260 INFO     moonshot  backfill_candles: GAS-USDT — 0 rows inserted
2026-03-18 15:51:45,344 INFO     moonshot  backfill_candles: GIGGLE-USDT — 0 rows inserted
2026-03-18 15:51:46,459 INFO     moonshot  backfill_candles: GLM-USDT — 0 rows inserted
2026-03-18 15:51:47,692 INFO     moonshot  backfill_candles: GMT-USDT — 0 rows inserted
2026-03-18 15:51:48,816 INFO     moonshot  backfill_candles: GMX-USDT — 0 rows inserted
2026-03-18 15:51:49,944 INFO     moonshot  backfill_candles: GOAT-USDT — 0 rows inserted
2026-03-18 15:51:51,200 INFO     moonshot  backfill_candles: GPS-USDT — 0 rows inserted
2026-03-18 15:51:52,310 INFO     moonshot  backfill_candles: GRASS-USDT — 0 rows inserted
2026-03-18 15:51:53,308 INFO     moonshot  backfill_candles: GRIFFAIN-USDT — 0 rows inserted
2026-03-18 15:51:53,309 INFO     moonshot  backfill_history: 180/467 coins (39%) — +0 rows this run
2026-03-18 15:51:54,472 INFO     moonshot  backfill_candles: GRT-USDT — 0 rows inserted
2026-03-18 15:51:55,505 INFO     moonshot  backfill_candles: GUN-USDT — 0 rows inserted
2026-03-18 15:51:56,606 INFO     moonshot  backfill_candles: GWEI-USDT — 0 rows inserted
2026-03-18 15:51:57,779 INFO     moonshot  backfill_candles: H-USDT — 0 rows inserted
2026-03-18 15:51:58,925 INFO     moonshot  backfill_candles: HANA-USDT — 0 rows inserted
2026-03-18 15:52:00,042 INFO     moonshot  backfill_candles: HBAR-USDT — 0 rows inserted
2026-03-18 15:52:01,248 INFO     moonshot  backfill_candles: HEMI-USDT — 0 rows inserted
2026-03-18 15:52:02,483 INFO     moonshot  backfill_candles: HFT-USDT — 0 rows inserted
2026-03-18 15:52:03,576 INFO     moonshot  backfill_candles: HIGH-USDT — 0 rows inserted
2026-03-18 15:52:04,755 INFO     moonshot  backfill_candles: HIPPO-USDT — 0 rows inserted
2026-03-18 15:52:04,756 INFO     moonshot  backfill_history: 190/467 coins (41%) — +0 rows this run
2026-03-18 15:52:05,801 INFO     moonshot  backfill_candles: HMSTR-USDT — 0 rows inserted
2026-03-18 15:52:06,731 INFO     moonshot  backfill_candles: HNT-USDT — 0 rows inserted
2026-03-18 15:52:07,737 INFO     moonshot  backfill_candles: HOLO-USDT — 0 rows inserted
2026-03-18 15:52:08,653 INFO     moonshot  backfill_candles: HOME-USDT — 0 rows inserted
2026-03-18 15:52:09,629 INFO     moonshot  backfill_candles: HOOD-USDT — 0 rows inserted
2026-03-18 15:52:10,563 INFO     moonshot  backfill_candles: HOT-USDT — 0 rows inserted
2026-03-18 15:52:11,537 INFO     moonshot  backfill_candles: HUMA-USDT — 0 rows inserted
2026-03-18 15:52:12,517 INFO     moonshot  backfill_candles: HYPE-USDT — 0 rows inserted
2026-03-18 15:52:13,474 INFO     moonshot  backfill_candles: HYPER-USDT — 0 rows inserted
2026-03-18 15:52:14,374 INFO     moonshot  backfill_candles: ICNT-USDT — 0 rows inserted
2026-03-18 15:52:14,375 INFO     moonshot  backfill_history: 200/467 coins (43%) — +0 rows this run
2026-03-18 15:52:15,352 INFO     moonshot  backfill_candles: ICP-USDT — 0 rows inserted
2026-03-18 15:52:16,442 INFO     moonshot  backfill_candles: ICX-USDT — 0 rows inserted
2026-03-18 15:52:17,379 INFO     moonshot  backfill_candles: ID-USDT — 0 rows inserted
2026-03-18 15:52:18,287 INFO     moonshot  backfill_candles: ILV-USDT — 0 rows inserted
2026-03-18 15:52:19,189 INFO     moonshot  backfill_candles: IMX-USDT — 0 rows inserted
2026-03-18 15:52:20,098 INFO     moonshot  backfill_candles: IN-USDT — 0 rows inserted
2026-03-18 15:52:21,017 INFO     moonshot  backfill_candles: INIT-USDT — 0 rows inserted
2026-03-18 15:52:21,934 INFO     moonshot  backfill_candles: INJ-USDT — 0 rows inserted
2026-03-18 15:52:22,923 INFO     moonshot  backfill_candles: INTC-USDT — 0 rows inserted
2026-03-18 15:52:23,880 INFO     moonshot  backfill_candles: INX-USDT — 0 rows inserted
2026-03-18 15:52:23,881 INFO     moonshot  backfill_history: 210/467 coins (45%) — +0 rows this run
2026-03-18 15:52:24,811 INFO     moonshot  backfill_candles: IO-USDT — 0 rows inserted
2026-03-18 15:52:25,810 INFO     moonshot  backfill_candles: IOST-USDT — 0 rows inserted
2026-03-18 15:52:26,745 INFO     moonshot  backfill_candles: IOTA-USDT — 0 rows inserted
2026-03-18 15:52:27,765 INFO     moonshot  backfill_candles: IOTX-USDT — 0 rows inserted
2026-03-18 15:52:28,692 INFO     moonshot  backfill_candles: IP-USDT — 0 rows inserted
2026-03-18 15:52:29,580 INFO     moonshot  backfill_candles: IR-USDT — 0 rows inserted
2026-03-18 15:52:30,512 INFO     moonshot  backfill_candles: IRYS-USDT — 0 rows inserted
2026-03-18 15:52:31,427 INFO     moonshot  backfill_candles: JASMY-USDT — 0 rows inserted
2026-03-18 15:52:32,339 INFO     moonshot  backfill_candles: JCT-USDT — 0 rows inserted
2026-03-18 15:52:33,303 INFO     moonshot  backfill_candles: JELLYJELLY-USDT — 0 rows inserted
2026-03-18 15:52:33,304 INFO     moonshot  backfill_history: 220/467 coins (47%) — +0 rows this run
2026-03-18 15:52:34,269 INFO     moonshot  backfill_candles: JTO-USDT — 0 rows inserted
2026-03-18 15:52:35,230 INFO     moonshot  backfill_candles: JUP-USDT — 0 rows inserted
2026-03-18 15:52:36,213 INFO     moonshot  backfill_candles: KAIA-USDT — 0 rows inserted
2026-03-18 15:52:37,094 INFO     moonshot  backfill_candles: KAITO-USDT — 0 rows inserted
2026-03-18 15:52:38,012 INFO     moonshot  backfill_candles: KAS-USDT — 0 rows inserted
2026-03-18 15:52:38,262 INFO     moonshot  backfill_candles: KAT-USDT — 0 rows inserted
2026-03-18 15:52:39,177 INFO     moonshot  backfill_candles: KERNEL-USDT — 0 rows inserted
2026-03-18 15:52:40,088 INFO     moonshot  backfill_candles: KGEN-USDT — 0 rows inserted
2026-03-18 15:52:41,042 INFO     moonshot  backfill_candles: KITE-USDT — 0 rows inserted
2026-03-18 15:52:41,953 INFO     moonshot  backfill_candles: KMNO-USDT — 0 rows inserted
2026-03-18 15:52:41,954 INFO     moonshot  backfill_history: 230/467 coins (49%) — +0 rows this run
2026-03-18 15:52:42,849 INFO     moonshot  backfill_candles: KSM-USDT — 0 rows inserted
2026-03-18 15:52:43,776 INFO     moonshot  backfill_candles: LA-USDT — 0 rows inserted
2026-03-18 15:52:44,706 INFO     moonshot  backfill_candles: LAYER-USDT — 0 rows inserted
2026-03-18 15:52:45,642 INFO     moonshot  backfill_candles: LDO-USDT — 0 rows inserted
2026-03-18 15:52:46,548 INFO     moonshot  backfill_candles: LIGHT-USDT — 0 rows inserted
2026-03-18 15:52:47,527 INFO     moonshot  backfill_candles: LINEA-USDT — 0 rows inserted
2026-03-18 15:52:48,432 INFO     moonshot  backfill_candles: LINK-USDT — 0 rows inserted
2026-03-18 15:52:49,348 INFO     moonshot  backfill_candles: LISTA-USDT — 0 rows inserted
2026-03-18 15:52:50,232 INFO     moonshot  backfill_candles: LIT-USDT — 0 rows inserted
2026-03-18 15:52:51,115 INFO     moonshot  backfill_candles: LPT-USDT — 0 rows inserted
2026-03-18 15:52:51,115 INFO     moonshot  backfill_history: 240/467 coins (51%) — +0 rows this run
2026-03-18 15:52:52,035 INFO     moonshot  backfill_candles: LQTY-USDT — 0 rows inserted
2026-03-18 15:52:52,902 INFO     moonshot  backfill_candles: LRC-USDT — 0 rows inserted
2026-03-18 15:52:53,785 INFO     moonshot  backfill_candles: LTC-USDT — 0 rows inserted
2026-03-18 15:52:54,690 INFO     moonshot  backfill_candles: LUMIA-USDT — 0 rows inserted
2026-03-18 15:52:55,630 INFO     moonshot  backfill_candles: LUNA2-USDT — 0 rows inserted
2026-03-18 15:52:56,552 INFO     moonshot  backfill_candles: LYN-USDT — 0 rows inserted
2026-03-18 15:52:57,494 INFO     moonshot  backfill_candles: M-USDT — 0 rows inserted
2026-03-18 15:52:58,381 INFO     moonshot  backfill_candles: MAGIC-USDT — 0 rows inserted
2026-03-18 15:52:59,253 INFO     moonshot  backfill_candles: MANA-USDT — 0 rows inserted
2026-03-18 15:53:00,148 INFO     moonshot  backfill_candles: MANTA-USDT — 0 rows inserted
2026-03-18 15:53:00,148 INFO     moonshot  backfill_history: 250/467 coins (54%) — +0 rows this run
2026-03-18 15:53:00,416 INFO     moonshot  backfill_candles: MANTRA-USDT — 0 rows inserted
2026-03-18 15:53:01,337 INFO     moonshot  backfill_candles: MASK-USDT — 0 rows inserted
2026-03-18 15:53:02,236 INFO     moonshot  backfill_candles: MAV-USDT — 0 rows inserted
2026-03-18 15:53:03,130 INFO     moonshot  backfill_candles: MAVIA-USDT — 0 rows inserted
2026-03-18 15:53:04,051 INFO     moonshot  backfill_candles: ME-USDT — 0 rows inserted
2026-03-18 15:53:04,963 INFO     moonshot  backfill_candles: MEGA-USDT — 0 rows inserted
2026-03-18 15:53:05,882 INFO     moonshot  backfill_candles: MELANIA-USDT — 0 rows inserted
2026-03-18 15:53:06,823 INFO     moonshot  backfill_candles: MEME-USDT — 0 rows inserted
2026-03-18 15:53:07,738 INFO     moonshot  backfill_candles: MERL-USDT — 0 rows inserted
2026-03-18 15:53:08,712 INFO     moonshot  backfill_candles: MET-USDT — 0 rows inserted
2026-03-18 15:53:08,713 INFO     moonshot  backfill_history: 260/467 coins (56%) — +0 rows this run
2026-03-18 15:53:09,830 INFO     moonshot  backfill_candles: METIS-USDT — 0 rows inserted
2026-03-18 15:53:10,705 INFO     moonshot  backfill_candles: MEW-USDT — 0 rows inserted
2026-03-18 15:53:11,657 INFO     moonshot  backfill_candles: MINA-USDT — 0 rows inserted
2026-03-18 15:53:12,576 INFO     moonshot  backfill_candles: MIRA-USDT — 0 rows inserted
2026-03-18 15:53:13,462 INFO     moonshot  backfill_candles: MITO-USDT — 0 rows inserted
2026-03-18 15:53:14,326 INFO     moonshot  backfill_candles: MLN-USDT — 0 rows inserted
2026-03-18 15:53:15,265 INFO     moonshot  backfill_candles: MMT-USDT — 0 rows inserted
2026-03-18 15:53:16,152 INFO     moonshot  backfill_candles: MNT-USDT — 0 rows inserted
2026-03-18 15:53:17,028 INFO     moonshot  backfill_candles: MOCA-USDT — 0 rows inserted
2026-03-18 15:53:17,913 INFO     moonshot  backfill_candles: MON-USDT — 0 rows inserted
2026-03-18 15:53:17,914 INFO     moonshot  backfill_history: 270/467 coins (58%) — +0 rows this run
2026-03-18 15:53:18,839 INFO     moonshot  backfill_candles: MOODENG-USDT — 0 rows inserted
2026-03-18 15:53:19,719 INFO     moonshot  backfill_candles: MORPHO-USDT — 0 rows inserted
2026-03-18 15:53:20,621 INFO     moonshot  backfill_candles: MOVE-USDT — 0 rows inserted
2026-03-18 15:53:21,545 INFO     moonshot  backfill_candles: MOVR-USDT — 0 rows inserted
2026-03-18 15:53:22,429 INFO     moonshot  backfill_candles: MSTR-USDT — 0 rows inserted
2026-03-18 15:53:23,293 INFO     moonshot  backfill_candles: MTL-USDT — 0 rows inserted
2026-03-18 15:53:24,149 INFO     moonshot  backfill_candles: MUBARAK-USDT — 0 rows inserted
2026-03-18 15:53:25,032 INFO     moonshot  backfill_candles: NAORIS-USDT — 0 rows inserted
2026-03-18 15:53:25,922 INFO     moonshot  backfill_candles: NEAR-USDT — 0 rows inserted
2026-03-18 15:53:26,838 INFO     moonshot  backfill_candles: NEIRO-USDT — 0 rows inserted
2026-03-18 15:53:26,838 INFO     moonshot  backfill_history: 280/467 coins (60%) — +0 rows this run
2026-03-18 15:53:27,753 INFO     moonshot  backfill_candles: NEO-USDT — 0 rows inserted
2026-03-18 15:53:28,650 INFO     moonshot  backfill_candles: NEWT-USDT — 0 rows inserted
2026-03-18 15:53:28,886 INFO     moonshot  backfill_candles: NG-USDT — 0 rows inserted
2026-03-18 15:53:29,760 INFO     moonshot  backfill_candles: NIGHT-USDT — 0 rows inserted
2026-03-18 15:53:30,651 INFO     moonshot  backfill_candles: NIL-USDT — 0 rows inserted
2026-03-18 15:53:31,566 INFO     moonshot  backfill_candles: NOM-USDT — 1 rows inserted
2026-03-18 15:53:32,490 INFO     moonshot  backfill_candles: NOT-USDT — 1 rows inserted
2026-03-18 15:53:33,376 INFO     moonshot  backfill_candles: OGN-USDT — 0 rows inserted
2026-03-18 15:53:34,255 INFO     moonshot  backfill_candles: ON-USDT — 0 rows inserted
2026-03-18 15:53:35,163 INFO     moonshot  backfill_candles: ONDO-USDT — 1 rows inserted
2026-03-18 15:53:35,164 INFO     moonshot  backfill_history: 290/467 coins (62%) — +3 rows this run
2026-03-18 15:53:36,054 INFO     moonshot  backfill_candles: ONE-USDT — 1 rows inserted
2026-03-18 15:53:36,970 INFO     moonshot  backfill_candles: ONT-USDT — 1 rows inserted
2026-03-18 15:53:37,899 INFO     moonshot  backfill_candles: OP-USDT — 1 rows inserted
2026-03-18 15:53:38,818 INFO     moonshot  backfill_candles: OPEN-USDT — 1 rows inserted
2026-03-18 15:53:39,058 INFO     moonshot  backfill_candles: OPN-USDT — 1 rows inserted
2026-03-18 15:53:39,967 INFO     moonshot  backfill_candles: ORCA-USDT — 1 rows inserted
2026-03-18 15:53:40,874 INFO     moonshot  backfill_candles: ORDER-USDT — 1 rows inserted
2026-03-18 15:53:41,842 INFO     moonshot  backfill_candles: ORDI-USDT — 0 rows inserted
2026-03-18 15:53:42,744 INFO     moonshot  backfill_candles: PARTI-USDT — 1 rows inserted
2026-03-18 15:53:43,649 INFO     moonshot  backfill_candles: PENDLE-USDT — 0 rows inserted
2026-03-18 15:53:43,650 INFO     moonshot  backfill_history: 300/467 coins (64%) — +11 rows this run
2026-03-18 15:53:44,600 INFO     moonshot  backfill_candles: PENGU-USDT — 0 rows inserted
2026-03-18 15:53:45,509 INFO     moonshot  backfill_candles: PEOPLE-USDT — 1 rows inserted
2026-03-18 15:53:46,402 INFO     moonshot  backfill_candles: PEPE-USDT — 1 rows inserted
2026-03-18 15:53:47,298 INFO     moonshot  backfill_candles: PHA-USDT — 1 rows inserted
2026-03-18 15:53:48,196 INFO     moonshot  backfill_candles: PHB-USDT — 1 rows inserted
2026-03-18 15:53:49,113 INFO     moonshot  backfill_candles: PIEVERSE-USDT — 1 rows inserted
2026-03-18 15:53:50,018 INFO     moonshot  backfill_candles: PIPPIN-USDT — 0 rows inserted
2026-03-18 15:53:50,958 INFO     moonshot  backfill_candles: PIXEL-USDT — 1 rows inserted
2026-03-18 15:53:51,845 INFO     moonshot  backfill_candles: PLTR-USDT — 1 rows inserted
2026-03-18 15:53:52,824 INFO     moonshot  backfill_candles: PLUME-USDT — 0 rows inserted
2026-03-18 15:53:52,825 INFO     moonshot  backfill_history: 310/467 coins (66%) — +18 rows this run
2026-03-18 15:53:53,919 INFO     moonshot  backfill_candles: PNUT-USDT — 0 rows inserted
2026-03-18 15:53:54,812 INFO     moonshot  backfill_candles: POL-USDT — 0 rows inserted
2026-03-18 15:53:55,721 INFO     moonshot  backfill_candles: POLYX-USDT — 0 rows inserted
2026-03-18 15:53:56,606 INFO     moonshot  backfill_candles: POPCAT-USDT — 0 rows inserted
2026-03-18 15:53:57,483 INFO     moonshot  backfill_candles: PORTAL-USDT — 0 rows inserted
2026-03-18 15:53:58,358 INFO     moonshot  backfill_candles: POWER-USDT — 0 rows inserted
2026-03-18 15:53:59,245 INFO     moonshot  backfill_candles: PROM-USDT — 0 rows inserted
2026-03-18 15:54:00,142 INFO     moonshot  backfill_candles: PROMPT-USDT — 0 rows inserted
2026-03-18 15:54:01,013 INFO     moonshot  backfill_candles: PROVE-USDT — 0 rows inserted
2026-03-18 15:54:01,930 INFO     moonshot  backfill_candles: PTB-USDT — 0 rows inserted
2026-03-18 15:54:01,931 INFO     moonshot  backfill_history: 320/467 coins (69%) — +18 rows this run
2026-03-18 15:54:02,788 INFO     moonshot  backfill_candles: PUMP-USDT — 0 rows inserted
2026-03-18 15:54:03,682 INFO     moonshot  backfill_candles: PUNDIX-USDT — 0 rows inserted
2026-03-18 15:54:04,550 INFO     moonshot  backfill_candles: PYTH-USDT — 0 rows inserted
2026-03-18 15:54:05,449 INFO     moonshot  backfill_candles: Q-USDT — 1 rows inserted
2026-03-18 15:54:06,328 INFO     moonshot  backfill_candles: QNT-USDT — 1 rows inserted
2026-03-18 15:54:06,559 INFO     moonshot  backfill_candles: QQQ-USDT — 1 rows inserted
2026-03-18 15:54:07,451 INFO     moonshot  backfill_candles: QTUM-USDT — 1 rows inserted
2026-03-18 15:54:08,359 INFO     moonshot  backfill_candles: RARE-USDT — 1 rows inserted
2026-03-18 15:54:09,243 INFO     moonshot  backfill_candles: RAVE-USDT — 1 rows inserted
2026-03-18 15:54:10,251 INFO     moonshot  backfill_candles: RAY-USDT — 1 rows inserted
2026-03-18 15:54:10,251 INFO     moonshot  backfill_history: 330/467 coins (71%) — +25 rows this run
2026-03-18 15:54:11,168 INFO     moonshot  backfill_candles: RECALL-USDT — 1 rows inserted
2026-03-18 15:54:12,170 INFO     moonshot  backfill_candles: RED-USDT — 1 rows inserted
2026-03-18 15:54:13,068 INFO     moonshot  backfill_candles: RENDER-USDT — 1 rows inserted
2026-03-18 15:54:13,997 INFO     moonshot  backfill_candles: RESOLV-USDT — 1 rows inserted
2026-03-18 15:54:14,901 INFO     moonshot  backfill_candles: REZ-USDT — 1 rows inserted
2026-03-18 15:54:15,807 INFO     moonshot  backfill_candles: RIVER-USDT — 0 rows inserted
2026-03-18 15:54:16,692 INFO     moonshot  backfill_candles: RLC-USDT — 0 rows inserted
2026-03-18 15:54:16,929 INFO     moonshot  backfill_candles: ROBO-USDT — 1 rows inserted
2026-03-18 15:54:17,860 INFO     moonshot  backfill_candles: ROSE-USDT — 1 rows inserted
2026-03-18 15:54:18,788 INFO     moonshot  backfill_candles: RPL-USDT — 1 rows inserted
2026-03-18 15:54:18,788 INFO     moonshot  backfill_history: 340/467 coins (73%) — +33 rows this run
2026-03-18 15:54:19,663 INFO     moonshot  backfill_candles: RSR-USDT — 0 rows inserted
2026-03-18 15:54:20,553 INFO     moonshot  backfill_candles: RUNE-USDT — 1 rows inserted
2026-03-18 15:54:21,458 INFO     moonshot  backfill_candles: RVN-USDT — 1 rows inserted
2026-03-18 15:54:22,378 INFO     moonshot  backfill_candles: S-USDT — 1 rows inserted
2026-03-18 15:54:23,312 INFO     moonshot  backfill_candles: SAFE-USDT — 1 rows inserted
2026-03-18 15:54:24,173 INFO     moonshot  backfill_candles: SAGA-USDT — 1 rows inserted
2026-03-18 15:54:25,052 INFO     moonshot  backfill_candles: SAHARA-USDT — 1 rows inserted
2026-03-18 15:54:25,929 INFO     moonshot  backfill_candles: SAND-USDT — 1 rows inserted
2026-03-18 15:54:26,819 INFO     moonshot  backfill_candles: SANTOS-USDT — 1 rows inserted
2026-03-18 15:54:27,677 INFO     moonshot  backfill_candles: SAPIEN-USDT — 1 rows inserted
2026-03-18 15:54:27,677 INFO     moonshot  backfill_history: 350/467 coins (75%) — +42 rows this run
2026-03-18 15:54:28,604 INFO     moonshot  backfill_candles: SEI-USDT — 1 rows inserted
2026-03-18 15:54:29,508 INFO     moonshot  backfill_candles: SENT-USDT — 1 rows inserted
2026-03-18 15:54:30,402 INFO     moonshot  backfill_candles: SFP-USDT — 1 rows inserted
2026-03-18 15:54:31,317 INFO     moonshot  backfill_candles: SHELL-USDT — 1 rows inserted
2026-03-18 15:54:32,214 INFO     moonshot  backfill_candles: SHIB-USDT — 1 rows inserted
2026-03-18 15:54:33,074 INFO     moonshot  backfill_candles: SIGN-USDT — 1 rows inserted
2026-03-18 15:54:34,029 INFO     moonshot  backfill_candles: SKL-USDT — 1 rows inserted
2026-03-18 15:54:34,944 INFO     moonshot  backfill_candles: SKR-USDT — 0 rows inserted
2026-03-18 15:54:35,830 INFO     moonshot  backfill_candles: SKY-USDT — 1 rows inserted
2026-03-18 15:54:36,760 INFO     moonshot  backfill_candles: SNX-USDT — 1 rows inserted
2026-03-18 15:54:36,761 INFO     moonshot  backfill_history: 360/467 coins (77%) — +51 rows this run
2026-03-18 15:54:37,625 INFO     moonshot  backfill_candles: SOL-USDT — 1 rows inserted
2026-03-18 15:54:38,536 INFO     moonshot  backfill_candles: SOMI-USDT — 1 rows inserted
2026-03-18 15:54:39,465 INFO     moonshot  backfill_candles: SONIC-USDT — 0 rows inserted
2026-03-18 15:54:40,367 INFO     moonshot  backfill_candles: SOPH-USDT — 1 rows inserted
2026-03-18 15:54:41,246 INFO     moonshot  backfill_candles: SPACE-USDT — 1 rows inserted
2026-03-18 15:54:42,120 INFO     moonshot  backfill_candles: SPELL-USDT — 1 rows inserted
2026-03-18 15:54:43,021 INFO     moonshot  backfill_candles: SPK-USDT — 1 rows inserted
2026-03-18 15:54:43,998 INFO     moonshot  backfill_candles: SPORTFUN-USDT — 1 rows inserted
2026-03-18 15:54:44,899 INFO     moonshot  backfill_candles: SPX-USDT — 1 rows inserted
2026-03-18 15:54:45,148 INFO     moonshot  backfill_candles: SPY-USDT — 1 rows inserted
2026-03-18 15:54:45,149 INFO     moonshot  backfill_history: 370/467 coins (79%) — +60 rows this run
2026-03-18 15:54:46,049 INFO     moonshot  backfill_candles: SQD-USDT — 1 rows inserted
2026-03-18 15:54:46,969 INFO     moonshot  backfill_candles: SSV-USDT — 1 rows inserted
2026-03-18 15:54:47,891 INFO     moonshot  backfill_candles: STABLE-USDT — 0 rows inserted
2026-03-18 15:54:48,798 INFO     moonshot  backfill_candles: STBL-USDT — 0 rows inserted
2026-03-18 15:54:49,684 INFO     moonshot  backfill_candles: STEEM-USDT — 1 rows inserted
2026-03-18 15:54:50,579 INFO     moonshot  backfill_candles: STG-USDT — 1 rows inserted
2026-03-18 15:54:51,455 INFO     moonshot  backfill_candles: STRK-USDT — 1 rows inserted
2026-03-18 15:54:52,364 INFO     moonshot  backfill_candles: STX-USDT — 1 rows inserted
2026-03-18 15:54:53,276 INFO     moonshot  backfill_candles: SUI-USDT — 1 rows inserted
2026-03-18 15:54:54,212 INFO     moonshot  backfill_candles: SUN-USDT — 1 rows inserted
2026-03-18 15:54:54,212 INFO     moonshot  backfill_history: 380/467 coins (81%) — +68 rows this run
2026-03-18 15:54:55,149 INFO     moonshot  backfill_candles: SUPER-USDT — 1 rows inserted
2026-03-18 15:54:56,023 INFO     moonshot  backfill_candles: SUSHI-USDT — 0 rows inserted
2026-03-18 15:54:57,003 INFO     moonshot  backfill_candles: SWARMS-USDT — 1 rows inserted
2026-03-18 15:54:57,943 INFO     moonshot  backfill_candles: SXT-USDT — 0 rows inserted
2026-03-18 15:54:58,830 INFO     moonshot  backfill_candles: SYRUP-USDT — 1 rows inserted
2026-03-18 15:54:59,765 INFO     moonshot  backfill_candles: SYS-USDT — 1 rows inserted
2026-03-18 15:55:00,699 INFO     moonshot  backfill_candles: TA-USDT — 1 rows inserted
2026-03-18 15:55:01,959 INFO     moonshot  backfill_candles: TAIKO-USDT — 0 rows inserted
2026-03-18 15:55:02,912 INFO     moonshot  backfill_candles: TAKE-USDT — 0 rows inserted
2026-03-18 15:55:03,813 INFO     moonshot  backfill_candles: TAO-USDT — 0 rows inserted
2026-03-18 15:55:03,814 INFO     moonshot  backfill_history: 390/467 coins (84%) — +73 rows this run
2026-03-18 15:55:04,764 INFO     moonshot  backfill_candles: THE-USDT — 0 rows inserted
2026-03-18 15:55:05,668 INFO     moonshot  backfill_candles: THETA-USDT — 0 rows inserted
2026-03-18 15:55:06,574 INFO     moonshot  backfill_candles: TIA-USDT — 0 rows inserted
2026-03-18 15:55:07,468 INFO     moonshot  backfill_candles: TON-USDT — 0 rows inserted
2026-03-18 15:55:08,352 INFO     moonshot  backfill_candles: TOSHI-USDT — 0 rows inserted
2026-03-18 15:55:09,237 INFO     moonshot  backfill_candles: TOWNS-USDT — 0 rows inserted
2026-03-18 15:55:10,184 INFO     moonshot  backfill_candles: TRADOOR-USDT — 0 rows inserted
2026-03-18 15:55:11,118 INFO     moonshot  backfill_candles: TRB-USDT — 0 rows inserted
2026-03-18 15:55:12,041 INFO     moonshot  backfill_candles: TREE-USDT — 0 rows inserted
2026-03-18 15:55:12,926 INFO     moonshot  backfill_candles: TRIA-USDT — 0 rows inserted
2026-03-18 15:55:12,927 INFO     moonshot  backfill_history: 400/467 coins (86%) — +73 rows this run
2026-03-18 15:55:13,789 INFO     moonshot  backfill_candles: TRU-USDT — 0 rows inserted
2026-03-18 15:55:14,679 INFO     moonshot  backfill_candles: TRUMP-USDT — 0 rows inserted
2026-03-18 15:55:15,568 INFO     moonshot  backfill_candles: TRUST-USDT — 0 rows inserted
2026-03-18 15:55:16,524 INFO     moonshot  backfill_candles: TRUTH-USDT — 0 rows inserted
2026-03-18 15:55:17,453 INFO     moonshot  backfill_candles: TRX-USDT — 0 rows inserted
2026-03-18 15:55:18,330 INFO     moonshot  backfill_candles: TSLA-USDT — 0 rows inserted
2026-03-18 15:55:19,219 INFO     moonshot  backfill_candles: TURBO-USDT — 0 rows inserted
2026-03-18 15:55:20,155 INFO     moonshot  backfill_candles: TURTLE-USDT — 0 rows inserted
2026-03-18 15:55:21,101 INFO     moonshot  backfill_candles: TWT-USDT — 0 rows inserted
2026-03-18 15:55:22,025 INFO     moonshot  backfill_candles: UAI-USDT — 0 rows inserted
2026-03-18 15:55:22,025 INFO     moonshot  backfill_history: 410/467 coins (88%) — +73 rows this run
2026-03-18 15:55:23,011 INFO     moonshot  backfill_candles: UB-USDT — 0 rows inserted
2026-03-18 15:55:23,927 INFO     moonshot  backfill_candles: UMA-USDT — 0 rows inserted
2026-03-18 15:55:24,834 INFO     moonshot  backfill_candles: UNI-USDT — 0 rows inserted
2026-03-18 15:55:25,719 INFO     moonshot  backfill_candles: US-USDT — 0 rows inserted
2026-03-18 15:55:26,633 INFO     moonshot  backfill_candles: USELESS-USDT — 0 rows inserted
2026-03-18 15:55:27,500 INFO     moonshot  backfill_candles: USTC-USDT — 0 rows inserted
2026-03-18 15:55:28,423 INFO     moonshot  backfill_candles: USUAL-USDT — 0 rows inserted
2026-03-18 15:55:29,320 INFO     moonshot  backfill_candles: VANA-USDT — 0 rows inserted
2026-03-18 15:55:30,215 INFO     moonshot  backfill_candles: VANRY-USDT — 0 rows inserted
2026-03-18 15:55:31,112 INFO     moonshot  backfill_candles: VELVET-USDT — 0 rows inserted
2026-03-18 15:55:31,113 INFO     moonshot  backfill_history: 420/467 coins (90%) — +73 rows this run
2026-03-18 15:55:32,022 INFO     moonshot  backfill_candles: VET-USDT — 0 rows inserted
2026-03-18 15:55:32,918 INFO     moonshot  backfill_candles: VINE-USDT — 0 rows inserted
2026-03-18 15:55:33,772 INFO     moonshot  backfill_candles: VIRTUAL-USDT — 0 rows inserted
2026-03-18 15:55:34,688 INFO     moonshot  backfill_candles: VTHO-USDT — 0 rows inserted
2026-03-18 15:55:35,605 INFO     moonshot  backfill_candles: VVV-USDT — 0 rows inserted
2026-03-18 15:55:36,503 INFO     moonshot  backfill_candles: W-USDT — 0 rows inserted
2026-03-18 15:55:37,431 INFO     moonshot  backfill_candles: WAL-USDT — 1 rows inserted
2026-03-18 15:55:38,328 INFO     moonshot  backfill_candles: WAVES-USDT — 1 rows inserted
2026-03-18 15:55:39,256 INFO     moonshot  backfill_candles: WCT-USDT — 1 rows inserted
2026-03-18 15:55:40,137 INFO     moonshot  backfill_candles: WET-USDT — 1 rows inserted
2026-03-18 15:55:40,138 INFO     moonshot  backfill_history: 430/467 coins (92%) — +77 rows this run
2026-03-18 15:55:41,049 INFO     moonshot  backfill_candles: WIF-USDT — 1 rows inserted
2026-03-18 15:55:41,926 INFO     moonshot  backfill_candles: WLD-USDT — 1 rows inserted
2026-03-18 15:55:42,807 INFO     moonshot  backfill_candles: WLFI-USDT — 1 rows inserted
2026-03-18 15:55:43,775 INFO     moonshot  backfill_candles: WOO-USDT — 1 rows inserted
2026-03-18 15:55:44,681 INFO     moonshot  backfill_candles: XAG-USDT — 1 rows inserted
2026-03-18 15:55:45,641 INFO     moonshot  backfill_candles: XAI-USDT — 1 rows inserted
2026-03-18 15:55:46,595 INFO     moonshot  backfill_candles: XAN-USDT — 1 rows inserted
2026-03-18 15:55:47,507 INFO     moonshot  backfill_candles: XAU-USDT — 0 rows inserted
2026-03-18 15:55:48,396 INFO     moonshot  backfill_candles: XAUT-USDT — 0 rows inserted
2026-03-18 15:55:48,647 INFO     moonshot  backfill_candles: XCU-USDT — 1 rows inserted
2026-03-18 15:55:48,648 INFO     moonshot  backfill_history: 440/467 coins (94%) — +85 rows this run
2026-03-18 15:55:49,597 INFO     moonshot  backfill_candles: XLM-USDT — 0 rows inserted
2026-03-18 15:55:50,554 INFO     moonshot  backfill_candles: XMR-USDT — 0 rows inserted
2026-03-18 15:55:51,447 INFO     moonshot  backfill_candles: XNY-USDT — 0 rows inserted
2026-03-18 15:55:52,355 INFO     moonshot  backfill_candles: XPD-USDT — 0 rows inserted
2026-03-18 15:55:53,233 INFO     moonshot  backfill_candles: XPIN-USDT — 0 rows inserted
2026-03-18 15:55:54,105 INFO     moonshot  backfill_candles: XPL-USDT — 0 rows inserted
2026-03-18 15:55:55,016 INFO     moonshot  backfill_candles: XPT-USDT — 0 rows inserted
2026-03-18 15:55:55,901 INFO     moonshot  backfill_candles: XRP-USDT — 0 rows inserted
2026-03-18 15:55:56,812 INFO     moonshot  backfill_candles: XTZ-USDT — 1 rows inserted
2026-03-18 15:55:57,702 INFO     moonshot  backfill_candles: XVG-USDT — 1 rows inserted
2026-03-18 15:55:57,703 INFO     moonshot  backfill_history: 450/467 coins (96%) — +87 rows this run
2026-03-18 15:55:58,615 INFO     moonshot  backfill_candles: YB-USDT — 1 rows inserted
2026-03-18 15:55:59,524 INFO     moonshot  backfill_candles: YFI-USDT — 1 rows inserted
2026-03-18 15:56:00,610 INFO     moonshot  backfill_candles: YGG-USDT — 1 rows inserted
2026-03-18 15:56:01,742 INFO     moonshot  backfill_candles: ZAMA-USDT — 0 rows inserted
2026-03-18 15:56:02,642 INFO     moonshot  backfill_candles: ZBCN-USDT — 0 rows inserted
2026-03-18 15:56:03,540 INFO     moonshot  backfill_candles: ZBT-USDT — 0 rows inserted
2026-03-18 15:56:04,471 INFO     moonshot  backfill_candles: ZEC-USDT — 0 rows inserted
2026-03-18 15:56:05,390 INFO     moonshot  backfill_candles: ZEN-USDT — 0 rows inserted
2026-03-18 15:56:06,340 INFO     moonshot  backfill_candles: ZEREBRO-USDT — 0 rows inserted
2026-03-18 15:56:07,233 INFO     moonshot  backfill_candles: ZETA-USDT — 0 rows inserted
2026-03-18 15:56:07,234 INFO     moonshot  backfill_history: 460/467 coins (99%) — +90 rows this run
2026-03-18 15:56:08,132 INFO     moonshot  backfill_candles: ZIL-USDT — 0 rows inserted
2026-03-18 15:56:09,029 INFO     moonshot  backfill_candles: ZK-USDT — 0 rows inserted
2026-03-18 15:56:09,914 INFO     moonshot  backfill_candles: ZKC-USDT — 0 rows inserted
2026-03-18 15:56:10,785 INFO     moonshot  backfill_candles: ZKP-USDT — 0 rows inserted
2026-03-18 15:56:11,668 INFO     moonshot  backfill_candles: ZORA-USDT — 0 rows inserted
2026-03-18 15:56:12,588 INFO     moonshot  backfill_candles: ZRO-USDT — 0 rows inserted
2026-03-18 15:56:13,522 INFO     moonshot  backfill_candles: ZRX-USDT — 0 rows inserted
2026-03-18 15:56:13,522 INFO     moonshot  backfill_history: 467/467 coins (100%) — +90 rows this run
2026-03-18 15:56:13,536 INFO     moonshot  backfill_history: DONE — 90 rows inserted, 0 coins already at target depth
